0 7.909072
2.5 8.391392
5.0 0.955488
7.5 0.892616
10.0 0.851232
12.5 0.924512
15.0 0.9188
17.5 0.921968
20.0 0.898936
22.5 0.98808
25.0 0.93556
27.5 0.968472
30.0 0.983264
32.5 1.010568
35.0 0.961384
37.5 0.937856
40.0 0.969416
42.5 0.94908
45.0 0.993056
47.5 0.964264
50.0 0.95976
52.5 0.660496
55.0 0.605528
57.5 0.610368
60.0 0.600328
62.5 0.560136
65.0 0.598528
67.5 0.58944
70.0 0.612112
72.5 0.5698
75.0 0.624312
77.5 0.626032
80.0 0.969488
82.5 0.968008
85.0 0.974856
87.5 0.968792
90.0 0.972576
92.5 0.976344
95.0 0.973008
97.5 0.962952
100.0 0.962944
102.5 0.97412
105.0 0.969728
107.5 0.973504
110.0 0.845128
112.5 0.90376
115.0 0.93632
117.5 0.961184
120.0 0.960384
122.5 0.913904
125.0 0.928656
127.5 0.96488
130.0 0.943424
132.5 0.904208
135.0 0.904144
137.5 0.962832
140.0 6.010352
142.5 5.965984
145.0 5.883792
147.5 6.040776
150.0 6.033976
152.5 5.842984
155.0 5.88188
157.5 7.290248
157.5 8.570304
160.0 8.497984
162.5 8.040688
165.0 8.981152
167.5 8.918648
170.0 1.220984
172.5 1.1086
175.0 1.096
177.5 1.094968
180.0 1.13472
182.5 1.077168
185.0 1.145208
187.5 0.3124
190.0 0.29388
192.5 0.38824
195.0 0.392304
197.5 0.383464
200.0 0.388256
202.5 0.38772
205.0 0.387048
207.5 0.39296
210.0 0.397384
212.5 0.390432
215.0 0.23528
217.5 0.23484
220.0 0.248624
222.5 0.236632
225.0 0.245328
227.5 0.240768
230.0 0.23508
232.5 0.226976
235.0 0.242832
237.5 0.240576
240.0 0.241088
242.5 0.777152
245.0 0.86572
247.5 0.84824
250.0 0.895696
252.5 0.862264
255.0 0.888728
257.5 0.877032
260.0 0.8564
262.5 0.864472
265.0 0.867256
267.5 0.357848
270.0 0.351128
272.5 0.36904
275.0 0.38664
277.5 0.35076
280.0 0.372928
282.5 0.364592
285.0 0.37496
287.5 0.382896
290.0 0.380904
292.5 0.370504
295.0 0.39276
297.5 0.388496
300.0 0.387776
302.5 0.3932
305.0 0.390936
307.5 0.37884
310.0 0.383336
312.5 0.397256
315.0 0.37736
