0 0.250704
2.5 0.255752
5.0 0.229416
7.5 0.2474
10.0 0.250264
12.5 0.256616
15.0 0.257552
17.5 0.258784
20.0 0.259288
22.5 0.238264
25.0 0.249312
27.5 0.246792
30.0 8.86884
32.5 9.308768
35.0 9.118616
37.5 5.363496
40.0 5.20188
42.5 5.344832
45.0 5.09424
47.5 5.145824
50.0 5.106104
52.5 4.68104
55.0 5.182952
57.5 6.936648
60.0 6.31656
62.5 6.96656
65.0 8.45148
67.5 8.64116
70.0 8.419256
72.5 8.56496
75.0 8.580568
77.5 8.516456
80.0 8.636896
82.5 7.874744
85.0 8.763072
87.5 8.2634
90.0 6.672904
92.5 6.546928
95.0 6.564896
97.5 6.929496
100.0 6.65116
102.5 6.434592
105.0 6.417488
107.5 6.549848
110.0 6.735864
112.5 0.319496
115.0 0.314888
117.5 0.314672
120.0 0.313544
122.5 0.319768
125.0 0.309608
127.5 0.285768
130.0 0.316272
132.5 0.28824
135.0 0.311992
137.5 0.942448
140.0 0.949464
142.5 0.986464
145.0 0.965648
147.5 0.997104
150.0 1.02048
152.5 1.014992
155.0 1.00928
157.5 0.98184
157.5 0.309416
160.0 0.310448
162.5 0.323616
165.0 0.322992
167.5 0.319056
170.0 0.326584
172.5 0.324296
175.0 0.328232
177.5 0.323784
180.0 0.325912
182.5 0.315672
185.0 0.3186
187.5 0.339088
190.0 0.315512
192.5 0.290376
195.0 0.33832
197.5 0.33472
200.0 0.332992
202.5 0.331352
205.0 0.315576
207.5 0.360208
210.0 0.377568
212.5 0.377232
215.0 0.373512
217.5 0.37488
220.0 0.372696
222.5 0.374632
225.0 0.373992
227.5 0.374352
230.0 0.374784
232.5 0.925528
235.0 0.867104
237.5 0.973256
240.0 0.893672
242.5 0.905104
245.0 0.954592
247.5 0.904512
250.0 0.826744
252.5 0.814112
255.0 0.916216
257.5 0.927352
260.0 1.052496
262.5 1.047848
265.0 1.019152
267.5 1.05324
270.0 1.078432
272.5 0.850008
275.0 0.906888
277.5 1.020784
280.0 1.01704
282.5 0.512536
285.0 1.045528
287.5 1.038688
290.0 0.930048
292.5 0.8922
295.0 0.911472
297.5 0.941048
300.0 0.965272
302.5 0.843168
305.0 0.94388
307.5 0.897256
310.0 0.951528
312.5 0.995488
315.0 1.007656
