0 0.335784
2.5 0.28464
5.0 0.333664
7.5 0.316872
10.0 0.335952
12.5 0.328472
15.0 0.333872
17.5 0.333808
20.0 0.326648
22.5 0.304752
25.0 0.30212
27.5 0.297728
30.0 0.306168
32.5 0.26796
35.0 0.306088
37.5 0.303464
40.0 0.284984
42.5 0.302168
45.0 0.293064
47.5 0.302976
50.0 0.3032
52.5 0.347584
55.0 0.38328
57.5 0.342688
60.0 0.349104
62.5 0.34224
65.0 0.335744
67.5 0.351648
70.0 0.348736
72.5 0.380824
75.0 0.347968
77.5 0.377008
80.0 0.352824
82.5 2.846792
85.0 3.154352
87.5 2.673168
90.0 2.9276
92.5 2.809272
95.0 3.096008
97.5 3.033312
100.0 2.975872
102.5 2.753952
105.0 2.544824
107.5 3.10796
110.0 2.800392
112.5 0.301848
115.0 0.300032
117.5 0.313256
120.0 0.382944
122.5 0.38248
125.0 0.379784
127.5 0.221256
130.0 0.380752
132.5 0.381664
135.0 0.378
137.5 0.380776
140.0 0.378816
142.5 8.308824
145.0 7.550184
147.5 7.904712
150.0 7.901088
152.5 8.073504
155.0 0.809536
157.5 0.8158
157.5 8.144744
160.0 9.748616
162.5 8.13524
165.0 9.427816
167.5 5.752872
170.0 8.483968
172.5 7.938152
175.0 7.601472
177.5 7.64924
180.0 1.320416
182.5 1.242656
185.0 1.27668
187.5 7.262136
190.0 8.073968
192.5 9.042496
195.0 8.87516
197.5 9.034616
200.0 9.462928
202.5 9.08236
205.0 8.988688
207.5 8.628152
210.0 8.137368
212.5 8.292864
215.0 6.157264
217.5 5.92316
220.0 5.707776
222.5 6.009088
225.0 5.708832
227.5 6.520016
230.0 5.857488
232.5 5.866448
235.0 5.52008
237.5 6.029104
240.0 7.563
242.5 5.19368
245.0 1.003
247.5 0.970176
250.0 0.915784
252.5 1.016288
255.0 0.980392
257.5 1.017464
260.0 0.999008
262.5 0.981808
265.0 1.013632
267.5 0.96132
270.0 0.39168
272.5 0.997648
275.0 0.870848
277.5 1.123944
280.0 1.141736
282.5 0.817704
285.0 0.828608
287.5 1.073488
290.0 1.031912
292.5 1.076296
295.0 0.857648
297.5 0.98548
300.0 1.000632
302.5 1.049072
305.0 0.277984
307.5 0.279384
310.0 0.276048
312.5 0.276432
315.0 0.275888
