0 2.2516
2.5 2.150224
5.0 2.214736
7.5 2.209584
10.0 2.195984
12.5 1.068832
15.0 1.084368
17.5 1.072576
20.0 1.070024
22.5 1.075528
25.0 1.075512
27.5 2.661208
30.0 1.579488
32.5 2.452184
35.0 2.413736
37.5 2.622248
40.0 1.979672
42.5 2.694424
45.0 2.903496
47.5 2.6908
50.0 2.724888
52.5 2.865152
55.0 2.710504
57.5 0.250712
60.0 0.258544
62.5 0.2456
65.0 0.260064
67.5 0.253144
70.0 0.261688
72.5 0.287928
75.0 0.257456
77.5 0.260952
80.0 0.257768
82.5 0.260576
85.0 0.3098
87.5 5.466704
90.0 8.237424
92.5 8.368296
95.0 8.5234
97.5 8.525656
100.0 7.721632
102.5 8.28764
105.0 7.908408
107.5 0.339864
110.0 0.328344
112.5 0.343992
115.0 0.342832
117.5 0.340168
120.0 0.342008
122.5 0.369504
125.0 0.371792
127.5 0.369672
130.0 0.367968
132.5 0.371008
135.0 0.370896
137.5 0.370624
140.0 0.363512
142.5 0.353944
145.0 0.350608
147.5 7.487608
150.0 7.50552
152.5 7.42968
155.0 7.37628
157.5 6.26872
157.5 0.27184
160.0 0.304744
162.5 0.348384
165.0 0.348792
167.5 0.320832
170.0 0.32112
172.5 0.329744
175.0 0.324384
177.5 0.871752
180.0 0.77696
182.5 0.886408
185.0 0.895008
187.5 0.938144
190.0 0.94224
192.5 0.88216
195.0 0.88432
197.5 0.785576
200.0 0.891832
202.5 0.922624
205.0 0.910264
207.5 4.11152
210.0 5.457872
212.5 5.57192
215.0 5.655008
217.5 4.5316
220.0 3.511056
222.5 3.9974
225.0 4.433104
227.5 3.188784
230.0 5.55292
232.5 5.428224
235.0 0.830088
237.5 0.845664
240.0 0.896144
242.5 0.851168
245.0 0.838368
247.5 0.821848
250.0 0.772296
252.5 0.778256
255.0 0.811368
257.5 0.803632
260.0 0.82344
262.5 0.828536
265.0 0.908832
267.5 0.91092
270.0 0.950064
272.5 0.912056
275.0 0.96
277.5 0.954416
280.0 0.865568
282.5 0.923536
285.0 0.911048
287.5 0.909352
290.0 9.168088
292.5 6.927416
295.0 5.92544
297.5 8.912592
300.0 8.720528
302.5 9.158816
305.0 8.572832
307.5 8.477264
310.0 6.202016
312.5 8.652808
315.0 9.28
