0 1.3916
2.5 1.978648
5.0 1.786528
7.5 1.708568
10.0 1.743264
12.5 1.92208
15.0 1.696744
17.5 0.897872
20.0 1.947784
22.5 1.881568
25.0 1.746568
27.5 0.982752
30.0 6.57528
32.5 5.695608
35.0 6.487456
37.5 2.783648
40.0 6.76956
42.5 1.1884
45.0 1.187296
47.5 1.180224
50.0 1.16616
52.5 1.188512
55.0 1.196808
57.5 1.174136
60.0 0.405208
62.5 0.402504
65.0 0.378952
67.5 0.408552
70.0 0.406352
72.5 0.392736
75.0 0.383272
77.5 7.059784
80.0 6.781784
82.5 6.919552
85.0 6.566584
87.5 1.2574
90.0 1.2212
92.5 1.238008
95.0 1.243736
97.5 1.196552
100.0 1.226664
102.5 1.18992
105.0 6.157304
107.5 1.229488
110.0 1.22948
112.5 1.218192
115.0 1.243664
117.5 1.212064
120.0 1.237784
122.5 0.91192
125.0 0.975032
127.5 0.985632
130.0 0.975096
132.5 0.95988
135.0 0.860976
137.5 0.697632
140.0 0.880928
142.5 0.957536
145.0 1.009688
147.5 1.0138
150.0 0.9796
152.5 0.91336
155.0 0.884776
157.5 0.897608
157.5 5.396968
160.0 5.454912
162.5 6.154792
165.0 5.807088
167.5 0.725784
170.0 0.741928
172.5 0.719008
175.0 0.723816
177.5 0.727824
180.0 0.74916
182.5 0.710384
185.0 0.861552
187.5 0.816096
190.0 0.855264
192.5 0.855672
195.0 0.96948
197.5 0.891304
200.0 0.91584
202.5 0.680712
205.0 0.923624
207.5 0.660496
210.0 0.605528
212.5 0.610368
215.0 0.600328
217.5 0.560136
220.0 0.598528
222.5 0.58944
225.0 0.612112
227.5 0.5698
230.0 0.624312
232.5 0.626032
235.0 0.45988
237.5 0.916008
240.0 0.751656
242.5 0.987072
245.0 1.007792
247.5 1.05812
250.0 0.991704
252.5 0.991016
255.0 0.70528
257.5 0.383104
260.0 0.629984
262.5 5.7632
265.0 5.14176
267.5 6.017344
270.0 5.9842
272.5 6.13612
275.0 6.278952
277.5 5.124328
280.0 6.295136
282.5 6.751088
285.0 5.761656
287.5 6.822904
290.0 6.205016
292.5 0.965168
295.0 0.929344
297.5 0.952976
300.0 0.969856
302.5 0.981088
305.0 0.942784
307.5 0.909784
310.0 0.93144
312.5 0.933024
315.0 0.93152
