0 3.750296
2.5 3.439632
5.0 4.212304
7.5 4.396072
10.0 2.109936
12.5 3.998656
15.0 1.680696
17.5 1.547952
20.0 2.793384
22.5 2.788408
25.0 4.061696
27.5 2.690216
30.0 4.008392
32.5 4.213408
35.0 4.176704
37.5 4.105992
40.0 4.140632
42.5 4.192664
45.0 4.2306
47.5 3.511736
50.0 4.216272
52.5 4.203896
55.0 3.484616
57.5 3.57684
60.0 2.933704
62.5 0.96484
65.0 1.09408
67.5 0.914088
70.0 0.84288
72.5 0.876568
75.0 0.861744
77.5 0.871616
80.0 0.855616
82.5 0.866712
85.0 0.840984
87.5 0.66852
90.0 0.74412
92.5 0.288392
95.0 0.26364
97.5 0.273096
100.0 0.268056
102.5 0.268704
105.0 0.255848
107.5 0.27264
110.0 7.084344
112.5 6.83744
115.0 6.83932
117.5 7.19464
120.0 8.498488
122.5 8.231368
125.0 7.95016
127.5 7.029152
130.0 6.85516
132.5 0.910272
135.0 0.931784
137.5 0.973224
140.0 1.01468
142.5 1.007296
145.0 0.961072
147.5 0.964176
150.0 0.932288
152.5 0.960816
155.0 0.903232
157.5 0.959448
157.5 8.829944
160.0 9.081944
162.5 8.770896
165.0 8.795568
167.5 6.21772
170.0 9.239424
172.5 8.998648
175.0 8.800648
177.5 8.76412
180.0 0.37436
182.5 0.251288
185.0 0.30808
187.5 0.379392
190.0 0.381008
192.5 0.376768
195.0 0.376792
197.5 0.337816
200.0 0.372344
202.5 0.37888
205.0 0.3726
207.5 7.310384
210.0 6.177232
212.5 9.21356
215.0 8.800592
217.5 8.481464
220.0 8.558328
222.5 8.710576
225.0 8.623864
227.5 8.926472
230.0 7.208112
232.5 7.374104
235.0 7.374008
237.5 0.35896
240.0 0.388032
242.5 0.387112
245.0 0.3846
247.5 0.371176
250.0 0.374256
252.5 0.367184
255.0 0.373576
257.5 0.384304
260.0 0.342472
262.5 8.717352
265.0 8.782224
267.5 7.190152
270.0 7.488072
272.5 8.47156
275.0 7.247824
277.5 5.789664
280.0 9.22996
282.5 9.418832
285.0 8.596752
287.5 8.679792
290.0 5.712552
292.5 1.000552
295.0 1.032528
297.5 1.113928
300.0 1.076312
302.5 1.05768
305.0 1.11172
307.5 1.089768
310.0 1.068264
312.5 1.04872
315.0 1.05316
