0 6.913496
2.5 7.161736
5.0 6.95148
7.5 6.971784
10.0 8.061496
12.5 8.158696
15.0 8.19116
17.5 8.247952
20.0 8.29992
22.5 7.874192
25.0 8.263544
27.5 0.259352
30.0 0.2452
32.5 0.257888
35.0 0.253992
37.5 0.265656
40.0 0.242864
42.5 0.259344
45.0 0.201648
47.5 0.265024
50.0 0.245688
52.5 2.92644
55.0 4.660464
57.5 2.865976
60.0 5.112216
62.5 0.827448
65.0 0.82452
67.5 0.803648
70.0 0.809312
72.5 0.831744
75.0 0.810928
77.5 0.342312
80.0 0.363384
82.5 0.3502
85.0 0.350312
87.5 0.360552
90.0 0.36688
92.5 0.346664
95.0 0.369184
97.5 0.359384
100.0 0.351552
102.5 0.33064
105.0 0.321912
107.5 0.385144
110.0 0.386808
112.5 0.386976
115.0 0.387776
117.5 0.376248
120.0 0.374456
122.5 4.633824
125.0 4.25612
127.5 4.735424
130.0 4.879152
132.5 4.4396
135.0 4.878696
137.5 4.160392
140.0 4.76364
142.5 4.368992
145.0 4.801208
147.5 4.600024
150.0 0.22764
152.5 0.229008
155.0 0.22632
157.5 0.231576
157.5 7.020768
160.0 7.249008
162.5 6.975528
165.0 7.193888
167.5 7.125864
170.0 0.832104
172.5 0.827296
175.0 0.848496
177.5 0.815064
180.0 0.834984
182.5 0.835168
185.0 0.826512
187.5 6.42132
190.0 6.646784
192.5 6.560568
195.0 6.240528
197.5 6.435528
200.0 7.1642
202.5 8.370864
205.0 9.425544
207.5 7.035176
210.0 6.396928
212.5 9.387944
215.0 9.121936
217.5 8.92212
220.0 9.074928
222.5 9.596424
225.0 0.882376
227.5 0.818128
230.0 0.838824
232.5 0.884144
235.0 0.86284
237.5 0.860496
240.0 0.874776
242.5 9.60432
245.0 9.612624
247.5 7.945256
250.0 9.637152
252.5 0.867712
255.0 0.870968
257.5 0.878744
260.0 0.86772
262.5 0.851728
265.0 0.31228
267.5 0.307576
270.0 0.372616
272.5 0.366336
275.0 0.373296
277.5 0.36592
280.0 0.370424
282.5 0.367056
285.0 0.370896
287.5 0.37456
290.0 0.37032
292.5 0.361912
295.0 4.314448
297.5 4.637728
300.0 4.70052
302.5 4.656336
305.0 4.580096
307.5 4.264064
310.0 4.944112
312.5 4.823696
315.0 4.937952
