0 8.651688
2.5 8.368048
5.0 8.351816
7.5 7.443624
10.0 0.859424
12.5 0.794488
15.0 0.82016
17.5 0.786208
20.0 0.871528
22.5 0.776576
25.0 0.810232
27.5 0.962568
30.0 0.99396
32.5 0.964592
35.0 1.039136
37.5 0.960096
40.0 0.975384
42.5 0.952128
45.0 0.862176
47.5 0.847496
50.0 1.89732
52.5 1.86024
55.0 1.87884
57.5 1.872904
60.0 1.977592
62.5 1.98236
65.0 1.963904
67.5 1.981888
70.0 1.951432
72.5 1.957488
75.0 1.957816
77.5 0.270904
80.0 1.042088
82.5 1.035848
85.0 1.038736
87.5 1.064608
90.0 1.059808
92.5 1.081144
95.0 1.023872
97.5 1.029696
100.0 1.060744
102.5 1.017936
105.0 1.037728
107.5 4.781584
110.0 4.925768
112.5 3.015992
115.0 5.522216
117.5 6.017992
120.0 4.506424
122.5 5.181848
125.0 6.550392
127.5 7.08452
130.0 6.32712
132.5 7.388768
135.0 5.863504
137.5 0.35844
140.0 0.368624
142.5 0.336368
145.0 0.3714
147.5 0.367936
150.0 0.370296
152.5 0.363248
155.0 0.361352
157.5 0.369024
157.5 0.96464
160.0 0.97036
162.5 0.88788
165.0 0.925632
167.5 0.925224
170.0 1.001032
172.5 0.951296
175.0 0.928104
177.5 0.981208
180.0 0.7742
182.5 0.897896
185.0 0.860392
187.5 0.210168
190.0 0.236096
192.5 0.25436
195.0 0.240992
197.5 0.244472
200.0 0.240504
202.5 0.236576
205.0 0.242384
207.5 0.232416
210.0 0.24344
212.5 0.224736
215.0 0.210328
217.5 4.468424
220.0 4.791136
222.5 5.833448
225.0 6.532912
227.5 5.504112
230.0 4.332568
232.5 5.273712
235.0 5.862264
237.5 6.534168
240.0 5.728584
242.5 5.731288
245.0 6.5138
247.5 7.839376
250.0 8.393184
252.5 8.12164
255.0 8.341864
257.5 7.689112
260.0 7.935352
262.5 5.710872
265.0 4.314544
267.5 4.573472
270.0 8.157592
272.5 4.330672
275.0 7.780128
277.5 0.282736
280.0 0.280024
282.5 0.284136
285.0 0.28648
287.5 0.286448
290.0 0.27648
292.5 0.28316
295.0 0.281848
297.5 0.282464
300.0 0.281768
302.5 0.284408
305.0 0.279848
307.5 0.250816
310.0 0.290056
312.5 0.256512
315.0 0.290472
