0 0.350648
2.5 0.375392
5.0 0.35696
7.5 0.368392
10.0 0.376216
12.5 0.369264
15.0 0.367168
17.5 0.36388
20.0 0.36748
22.5 0.36424
25.0 0.3664
27.5 0.362336
30.0 5.197688
32.5 4.604912
35.0 4.733824
37.5 4.756384
40.0 4.814752
42.5 4.50136
45.0 5.211736
47.5 4.429712
50.0 5.210768
52.5 5.208832
55.0 4.774584
57.5 4.73564
60.0 0.617104
62.5 0.949304
65.0 1.159072
67.5 0.961064
70.0 1.120816
72.5 1.070464
75.0 1.166256
77.5 1.156264
80.0 1.148672
82.5 0.905488
85.0 0.699912
87.5 5.261
90.0 5.612064
92.5 4.855464
95.0 7.410304
97.5 5.788648
100.0 9.043528
102.5 9.747936
105.0 7.716904
107.5 6.247384
110.0 7.574136
112.5 7.423848
115.0 9.970024
117.5 5.168744
120.0 5.778568
122.5 6.306056
125.0 6.43612
127.5 6.991912
130.0 6.124928
132.5 5.957848
135.0 7.482592
137.5 8.055008
140.0 7.584416
142.5 5.585472
145.0 6.672328
147.5 8.898696
150.0 9.32796
152.5 7.403296
155.0 9.169976
157.5 9.206352
157.5 5.105184
160.0 6.568936
162.5 6.804
165.0 6.58548
167.5 6.397672
170.0 4.22112
172.5 7.845488
175.0 7.747216
177.5 8.702896
180.0 6.213416
182.5 6.465352
185.0 6.107816
187.5 6.215632
190.0 5.9358
192.5 3.64372
195.0 8.308336
197.5 0.95048
200.0 0.971544
202.5 0.979056
205.0 0.938112
207.5 0.94864
210.0 0.954488
212.5 0.954208
215.0 1.112152
217.5 1.130272
220.0 1.122392
222.5 0.535488
225.0 0.54088
227.5 0.533008
230.0 0.921704
232.5 0.876336
235.0 0.879768
237.5 0.948912
240.0 0.903208
242.5 0.356488
245.0 0.941472
247.5 0.906712
250.0 0.774344
252.5 0.76572
255.0 0.894896
257.5 0.368984
260.0 0.370152
262.5 0.37016
265.0 0.368368
267.5 0.374376
270.0 0.370976
272.5 0.374696
275.0 0.367904
277.5 0.368264
280.0 0.363208
282.5 0.358368
285.0 0.295368
287.5 0.305216
290.0 0.311504
292.5 0.314088
295.0 0.311152
297.5 0.308048
300.0 0.312456
302.5 0.312776
305.0 0.307896
307.5 0.306312
310.0 1.034392
312.5 1.078368
315.0 1.019832
