0 8.712392
2.5 8.380904
5.0 7.19568
7.5 5.283592
10.0 6.697384
12.5 1.042912
15.0 1.02864
17.5 1.04684
20.0 1.0584
22.5 1.020128
25.0 1.0256
27.5 1.040544
30.0 0.938392
32.5 0.953256
35.0 0.978848
37.5 1.002288
40.0 0.969208
42.5 0.88732
45.0 0.819704
47.5 0.931152
50.0 0.935496
52.5 0.9412
55.0 0.950952
57.5 0.966808
60.0 0.31236
62.5 0.298672
65.0 0.343256
67.5 0.395456
70.0 0.39468
72.5 0.389032
75.0 0.380392
77.5 0.36132
80.0 0.388392
82.5 0.388112
85.0 0.385856
87.5 1.112144
90.0 1.119368
92.5 1.110504
95.0 1.104664
97.5 1.067272
100.0 1.090448
102.5 1.10396
105.0 1.09524
107.5 1.130272
110.0 1.12664
112.5 1.127664
115.0 1.11676
117.5 5.785112
120.0 5.75668
122.5 5.826984
125.0 5.791984
127.5 5.846256
130.0 5.955088
132.5 5.888656
135.0 5.294624
137.5 5.82616
140.0 5.715696
142.5 0.385952
145.0 0.82004
147.5 0.62228
150.0 0.913576
152.5 1.353544
155.0 1.29584
157.5 1.3056
157.5 3.43596
160.0 3.211656
162.5 3.380264
165.0 3.564656
167.5 3.690888
170.0 0.776816
172.5 0.7632
175.0 0.770448
177.5 0.775736
180.0 0.7768
182.5 0.748312
185.0 0.762672
187.5 4.499888
190.0 7.538336
192.5 6.73796
195.0 4.938672
197.5 3.915776
200.0 3.3266
202.5 5.543024
205.0 0.318464
207.5 0.28644
210.0 0.33252
212.5 0.333968
215.0 0.340296
217.5 0.312816
220.0 0.33976
222.5 0.33728
225.0 0.333688
227.5 0.333136
230.0 0.333872
232.5 0.224616
235.0 0.293312
237.5 0.20996
240.0 0.322816
242.5 0.31484
245.0 0.319144
247.5 0.324976
250.0 0.318736
252.5 0.320744
255.0 0.311312
257.5 0.309736
260.0 0.312392
262.5 0.934144
265.0 1.07724
267.5 1.094408
270.0 1.062704
272.5 1.031168
275.0 1.083216
277.5 1.04696
280.0 0.648808
282.5 1.1218
285.0 1.124272
287.5 6.642792
290.0 7.67124
292.5 8.73572
295.0 9.393192
297.5 8.51888
300.0 9.765976
302.5 8.414728
305.0 7.5458
307.5 7.824736
310.0 0.9252
312.5 0.943304
315.0 0.974728
