0 1.02284
2.5 1.046064
5.0 1.0448
7.5 1.063856
10.0 1.066656
12.5 1.036072
15.0 0.985224
17.5 0.948744
20.0 1.038928
22.5 7.164456
25.0 7.839168
27.5 7.279288
30.0 7.412792
32.5 8.098248
35.0 7.361168
37.5 8.11104
40.0 6.1462
42.5 9.298688
45.0 8.986048
47.5 6.08628
50.0 3.935752
52.5 0.390496
55.0 0.398152
57.5 0.394552
60.0 0.393072
62.5 0.401456
65.0 0.397392
67.5 0.377032
70.0 0.326712
72.5 0.39696
75.0 0.390344
77.5 5.221456
80.0 6.016608
82.5 6.800568
85.0 5.244296
87.5 6.799624
90.0 7.198288
92.5 6.54464
95.0 8.337176
97.5 8.281576
100.0 6.303864
102.5 7.948912
105.0 6.807192
107.5 5.466392
110.0 6.66916
112.5 6.83884
115.0 5.62716
117.5 6.968616
120.0 6.524176
122.5 6.863752
125.0 7.151376
127.5 5.42168
130.0 0.360136
132.5 0.332984
135.0 0.327576
137.5 0.369208
140.0 0.370168
142.5 0.36404
145.0 0.365248
147.5 0.365656
150.0 0.366728
152.5 0.365016
155.0 0.368792
157.5 0.36712
157.5 0.96348
160.0 1.031592
162.5 1.029368
165.0 1.079824
167.5 0.990456
170.0 1.093448
172.5 1.04064
175.0 0.999112
177.5 1.036104
180.0 1.034256
182.5 1.025632
185.0 8.006408
187.5 2.520528
190.0 9.740528
192.5 8.16592
195.0 8.102056
197.5 0.720296
200.0 1.26928
202.5 1.240792
205.0 1.281872
207.5 1.290816
210.0 1.305976
212.5 1.260368
215.0 0.96056
217.5 0.970104
220.0 0.953152
222.5 0.913552
225.0 0.985408
227.5 0.925368
230.0 0.967176
232.5 0.955672
235.0 0.954968
237.5 0.981912
240.0 0.924152
242.5 0.937544
245.0 0.94812
247.5 1.020336
250.0 1.058768
252.5 1.053672
255.0 1.028256
257.5 1.032352
260.0 1.053856
262.5 0.985128
265.0 1.040448
267.5 1.005656
270.0 0.962168
272.5 1.048368
275.0 0.379624
277.5 0.380048
280.0 0.39496
282.5 0.388384
285.0 0.390328
287.5 0.388376
290.0 0.390744
292.5 0.391232
295.0 0.385008
297.5 0.381472
300.0 0.381016
302.5 0.38472
305.0 0.324744
307.5 0.32516
310.0 0.328768
312.5 0.345272
315.0 0.347232
