0 0.249216
2.5 0.252256
5.0 0.25776
7.5 0.24224
10.0 0.229896
12.5 0.251904
15.0 0.25004
17.5 0.228776
20.0 0.245888
22.5 0.248992
25.0 0.255712
27.5 0.257536
30.0 0.390496
32.5 0.398152
35.0 0.394552
37.5 0.393072
40.0 0.401456
42.5 0.397392
45.0 0.377032
47.5 0.326712
50.0 0.39696
52.5 0.390344
55.0 7.170288
57.5 6.984416
60.0 7.06092
62.5 7.146624
65.0 7.151512
67.5 5.468608
70.0 6.783976
72.5 7.512392
75.0 7.15748
77.5 7.143512
80.0 3.48548
82.5 1.969616
85.0 3.786752
87.5 2.99992
90.0 3.70828
92.5 2.92872
95.0 3.75992
97.5 3.752784
100.0 3.555048
102.5 3.791368
105.0 3.504936
107.5 3.830832
110.0 0.99048
112.5 1.009856
115.0 1.069352
117.5 1.056936
120.0 1.03128
122.5 0.978104
125.0 0.992368
127.5 0.98732
130.0 1.037416
132.5 1.06384
135.0 1.011528
137.5 1.039376
140.0 3.985032
142.5 3.81656
145.0 4.29828
147.5 3.982544
150.0 3.875464
152.5 3.728336
155.0 4.36196
157.5 4.615032
157.5 3.981056
160.0 2.187408
162.5 3.634568
165.0 3.316576
167.5 4.126008
170.0 3.51912
172.5 4.095304
175.0 3.667512
177.5 4.156464
180.0 4.032768
182.5 4.194736
185.0 4.19412
187.5 6.9106
190.0 4.72576
192.5 6.99164
195.0 7.330088
197.5 7.501776
200.0 6.906784
202.5 8.580992
205.0 6.71888
207.5 9.776536
210.0 7.33864
212.5 9.289848
215.0 6.190744
217.5 0.238984
220.0 0.253472
222.5 0.246032
225.0 0.25228
227.5 0.247104
230.0 0.247928
232.5 0.248624
235.0 5.5458
237.5 0.94484
240.0 0.961712
242.5 0.99112
245.0 0.952976
247.5 0.976576
250.0 0.965288
252.5 0.922712
255.0 0.902448
257.5 0.948824
260.0 0.897648
262.5 0.903912
265.0 0.825552
267.5 1.053848
270.0 1.031768
272.5 1.07136
275.0 1.050328
277.5 0.986528
280.0 0.960008
282.5 1.002784
285.0 0.982032
287.5 1.004728
290.0 1.028808
292.5 0.910448
295.0 0.887976
297.5 0.892296
300.0 0.819224
302.5 0.888288
305.0 0.821752
307.5 0.880576
310.0 0.694048
312.5 0.88912
315.0 2.054488
