0 2.099128
2.5 2.152984
5.0 2.040912
7.5 2.114672
10.0 2.148024
12.5 2.172072
15.0 2.141856
17.5 1.584192
20.0 2.059872
22.5 2.155984
25.0 2.119504
27.5 2.120768
30.0 0.731832
32.5 0.842368
35.0 0.653344
37.5 0.6766
40.0 0.63208
42.5 0.635544
45.0 0.65688
47.5 0.681048
50.0 1.036272
52.5 1.04452
55.0 1.037192
57.5 0.998888
60.0 0.973992
62.5 1.040144
65.0 1.028704
67.5 1.01224
70.0 1.024008
72.5 1.011984
75.0 1.019928
77.5 2.507312
80.0 1.144232
82.5 3.156808
85.0 2.941584
87.5 1.100992
90.0 1.285536
92.5 3.225784
95.0 0.900752
97.5 0.845464
100.0 0.88952
102.5 0.904728
105.0 0.876848
107.5 0.872944
110.0 0.886032
112.5 0.871536
115.0 0.892512
117.5 0.844
120.0 0.903864
122.5 0.880744
125.0 0.276072
127.5 0.341272
130.0 0.342064
132.5 0.340368
135.0 0.339448
137.5 0.347544
140.0 0.336888
142.5 0.342136
145.0 0.3326
147.5 0.340752
150.0 0.33724
152.5 0.389104
155.0 0.324888
157.5 0.331704
157.5 5.840408
160.0 4.680376
162.5 4.1904
165.0 5.901136
167.5 4.404768
170.0 4.58232
172.5 4.219472
175.0 4.563232
177.5 4.638648
180.0 4.63996
182.5 4.596776
185.0 4.679456
187.5 0.982216
190.0 1.004576
192.5 0.976336
195.0 1.02256
197.5 0.994792
200.0 1.002232
202.5 1.009608
205.0 1.003344
207.5 0.989736
210.0 0.964992
212.5 0.935256
215.0 1.040664
217.5 2.215904
220.0 2.22388
222.5 2.222096
225.0 2.186688
227.5 2.276128
230.0 2.243832
232.5 2.230192
235.0 2.242144
237.5 2.175216
240.0 2.229176
242.5 2.22736
245.0 2.297456
247.5 1.767616
250.0 2.182896
252.5 7.076808
255.0 8.497568
257.5 9.854792
260.0 9.2282
262.5 9.86264
265.0 0.992408
267.5 1.03688
270.0 0.557352
272.5 1.026712
275.0 1.016936
277.5 0.746824
280.0 0.79368
282.5 0.96804
285.0 0.919568
287.5 0.992384
290.0 0.97956
292.5 1.034128
295.0 0.962896
297.5 0.943288
300.0 0.943264
302.5 0.951592
305.0 0.916896
307.5 0.365248
310.0 0.365512
312.5 0.373936
315.0 0.373256
