0 0.86016
2.5 1.026504
5.0 1.409864
7.5 1.414192
10.0 1.91164
12.5 1.998792
15.0 1.809088
17.5 1.926528
20.0 1.775592
22.5 1.91968
25.0 0.364168
27.5 0.244112
30.0 0.38868
32.5 0.375216
35.0 0.375112
37.5 6.128888
40.0 5.865432
42.5 4.392968
45.0 7.06376
47.5 6.240496
50.0 5.865752
52.5 7.180752
55.0 6.252488
57.5 5.081128
60.0 5.496016
62.5 6.678976
65.0 0.959984
67.5 0.986624
70.0 0.9812
72.5 0.966464
75.0 0.972112
77.5 0.989496
80.0 0.948344
82.5 0.91068
85.0 0.861136
87.5 0.968272
90.0 1.008224
92.5 0.3488
95.0 0.327984
97.5 0.90508
100.0 0.904288
102.5 0.94328
105.0 0.250536
107.5 0.925336
110.0 0.952016
112.5 0.926104
115.0 0.945752
117.5 0.931904
120.0 0.923072
122.5 0.932248
125.0 0.922424
127.5 5.825872
130.0 5.964872
132.5 6.060872
135.0 5.85488
137.5 6.013448
140.0 5.873056
142.5 5.923448
145.0 5.632432
147.5 3.957696
150.0 6.30388
152.5 4.953632
155.0 6.123776
157.5 6.116424
157.5 0.315144
160.0 0.311968
162.5 0.312016
165.0 0.312088
167.5 0.314352
170.0 0.309496
172.5 0.31356
175.0 0.314712
177.5 0.306672
180.0 0.863888
182.5 0.922896
185.0 0.909752
187.5 0.937672
190.0 0.91756
192.5 0.928344
195.0 0.891256
197.5 0.950384
200.0 0.89352
202.5 0.737936
205.0 0.875416
207.5 0.913344
210.0 5.921064
212.5 5.925456
215.0 4.499152
217.5 5.99316
220.0 5.58536
222.5 5.837608
225.0 5.893984
227.5 4.807616
230.0 4.465736
232.5 4.512928
235.0 4.575704
237.5 4.558608
240.0 4.044624
242.5 4.064904
245.0 2.735552
247.5 4.061952
250.0 4.040824
252.5 4.040928
255.0 4.026136
257.5 4.026216
260.0 0.299488
262.5 0.312016
265.0 0.353296
267.5 0.352912
270.0 0.355656
272.5 0.3526
275.0 0.347824
277.5 0.347888
280.0 0.336712
282.5 0.324536
285.0 0.34768
287.5 0.342408
290.0 1.656672
292.5 1.675856
295.0 1.706128
297.5 1.815216
300.0 1.702448
302.5 1.899136
305.0 1.884224
307.5 1.90928
310.0 1.85652
312.5 1.892128
315.0 1.906
