0 2.752152
2.5 2.70708
5.0 2.743048
7.5 2.829752
10.0 0.736192
12.5 0.7222
15.0 0.722536
17.5 0.738288
20.0 0.724816
22.5 0.709112
25.0 0.710832
27.5 0.730704
30.0 0.932328
32.5 0.955416
35.0 0.9516
37.5 0.951312
40.0 0.950088
42.5 0.919992
45.0 0.929512
47.5 0.943608
50.0 0.898112
52.5 0.932696
55.0 0.912296
57.5 0.956712
60.0 0.288056
62.5 0.26596
65.0 0.37196
67.5 0.318656
70.0 0.30068
72.5 0.27896
75.0 0.294616
77.5 0.301216
80.0 0.288808
82.5 0.312208
85.0 0.324536
87.5 1.041256
90.0 1.030352
92.5 1.036768
95.0 0.963792
97.5 0.998968
100.0 1.008128
102.5 1.017456
105.0 0.938848
107.5 0.933864
110.0 0.958776
112.5 0.941624
115.0 1.017704
117.5 1.600344
120.0 1.667888
122.5 2.93916
125.0 4.31648
127.5 4.25396
130.0 2.077464
132.5 1.776472
135.0 1.551728
137.5 4.137256
140.0 3.839416
142.5 3.309296
145.0 1.386664
147.5 6.392288
150.0 6.16132
152.5 6.816872
155.0 7.18132
157.5 6.59124
157.5 2.293816
160.0 2.380496
162.5 4.586056
165.0 2.456504
167.5 5.791472
170.0 5.407976
172.5 4.511408
175.0 6.559248
177.5 5.867816
180.0 1.840344
182.5 5.22468
185.0 0.24852
187.5 0.236984
190.0 0.244288
192.5 0.24712
195.0 0.247728
197.5 0.248128
200.0 0.249944
202.5 0.241008
205.0 0.24048
207.5 0.240232
210.0 0.25304
212.5 0.240784
215.0 2.895752
217.5 4.41256
220.0 4.26372
222.5 4.043336
225.0 4.2324
227.5 4.273912
230.0 1.256768
232.5 3.793248
235.0 1.385744
237.5 4.05948
240.0 4.95188
242.5 3.406944
245.0 6.57528
247.5 5.695608
250.0 6.487456
252.5 2.783648
255.0 6.76956
257.5 1.1884
260.0 1.187296
262.5 1.180224
265.0 1.16616
267.5 1.188512
270.0 1.196808
272.5 1.174136
275.0 0.946296
277.5 0.979896
280.0 0.927528
282.5 0.96588
285.0 1.01208
287.5 0.984864
290.0 0.98916
292.5 0.932312
295.0 0.959584
297.5 0.81892
300.0 0.876304
302.5 0.843296
305.0 0.93812
307.5 0.924408
310.0 0.904536
312.5 0.913464
315.0 0.803816
