0 0.320544
2.5 0.322656
5.0 0.324232
7.5 0.323936
10.0 0.32488
12.5 0.32288
15.0 0.317712
17.5 0.300656
20.0 0.318728
22.5 0.316888
25.0 0.31864
27.5 3.010568
30.0 2.838824
32.5 3.033144
35.0 3.129632
37.5 2.947248
40.0 0.864472
42.5 0.8486
45.0 0.850464
47.5 0.865304
50.0 0.76636
52.5 0.857936
55.0 0.850664
57.5 0.859504
60.0 0.639608
62.5 0.756784
65.0 0.914352
67.5 0.925984
70.0 0.982568
72.5 0.912152
75.0 0.77572
77.5 0.653096
80.0 0.7284
82.5 0.866336
85.0 0.934952
87.5 0.393296
90.0 0.3812
92.5 0.387936
95.0 0.391744
97.5 0.38128
100.0 0.390552
102.5 0.359408
105.0 0.391504
107.5 0.395064
110.0 0.366616
112.5 6.595016
115.0 8.548272
117.5 8.85804
120.0 8.65572
122.5 8.74772
125.0 7.005728
127.5 8.804688
130.0 8.992448
132.5 7.991376
135.0 7.73536
137.5 8.449224
140.0 0.816784
142.5 0.947024
145.0 0.937584
147.5 0.90692
150.0 0.96796
152.5 0.93816
155.0 0.936048
157.5 0.813248
157.5 0.9882
160.0 0.97392
162.5 0.971824
165.0 0.987136
167.5 0.890512
170.0 0.943816
172.5 0.993144
175.0 0.773016
177.5 0.993408
180.0 0.96588
182.5 7.233288
185.0 5.943472
187.5 7.24592
190.0 6.902016
192.5 7.112632
195.0 7.560616
197.5 7.227248
200.0 8.701256
202.5 8.640696
205.0 7.10936
207.5 9.17268
210.0 6.743872
212.5 0.916928
215.0 0.955672
217.5 0.910616
220.0 0.955752
222.5 0.965592
225.0 0.97956
227.5 0.932664
230.0 0.894544
232.5 0.89872
235.0 0.869752
237.5 0.90252
240.0 0.931064
242.5 0.471288
245.0 0.599704
247.5 0.461744
250.0 0.60816
252.5 0.792896
255.0 0.605176
257.5 0.5924
260.0 0.800352
262.5 0.801368
265.0 0.799104
267.5 0.792728
270.0 0.592288
272.5 7.73176
275.0 6.720848
277.5 6.826704
280.0 8.065064
282.5 7.111664
285.0 7.50984
287.5 7.718296
290.0 7.793512
292.5 5.715008
295.0 0.9392
297.5 0.951864
300.0 0.92312
302.5 0.886912
305.0 0.827352
307.5 0.930072
310.0 0.906352
312.5 0.919864
315.0 0.751952
