0 0.29088
2.5 0.351896
5.0 0.296608
7.5 0.341592
10.0 0.329496
12.5 0.294632
15.0 0.307728
17.5 0.39816
20.0 0.314024
22.5 0.34536
25.0 0.293464
27.5 0.39432
30.0 0.39872
32.5 0.396152
35.0 0.390904
37.5 0.389848
40.0 0.391376
42.5 0.390936
45.0 0.39072
47.5 0.398168
50.0 0.39684
52.5 0.393096
55.0 9.611168
57.5 9.223088
60.0 9.570672
62.5 9.600384
65.0 9.839896
67.5 0.843872
70.0 0.850976
72.5 0.81568
75.0 0.831448
77.5 1.032728
80.0 0.704384
82.5 1.00116
85.0 1.016504
87.5 1.0688
90.0 1.048792
92.5 1.032328
95.0 1.009328
97.5 0.997984
100.0 1.058168
102.5 0.890072
105.0 1.034672
107.5 7.088552
110.0 8.81824
112.5 9.407888
115.0 9.604464
117.5 9.148216
120.0 7.855568
122.5 7.043672
125.0 8.397064
127.5 9.26076
130.0 8.768768
132.5 0.226704
135.0 0.21788
137.5 0.230488
140.0 0.227744
142.5 0.23084
145.0 0.231
147.5 0.230792
150.0 0.226344
152.5 0.227992
155.0 0.230536
157.5 0.228664
157.5 6.57528
160.0 5.695608
162.5 6.487456
165.0 2.783648
167.5 6.76956
170.0 1.1884
172.5 1.187296
175.0 1.180224
177.5 1.16616
180.0 1.188512
182.5 1.196808
185.0 1.174136
187.5 0.333088
190.0 0.330384
192.5 0.336568
195.0 0.334008
197.5 0.329912
200.0 0.326736
202.5 0.331104
205.0 0.332872
207.5 0.330064
210.0 0.327296
212.5 0.327504
215.0 0.328112
217.5 0.359248
220.0 0.361048
222.5 0.362496
225.0 0.366224
227.5 0.362896
230.0 0.364312
232.5 0.359344
235.0 0.357136
237.5 0.357656
240.0 4.616936
242.5 5.593952
245.0 5.771664
247.5 5.806624
250.0 5.994496
252.5 4.439112
255.0 5.48508
257.5 4.512296
260.0 4.566032
262.5 5.759392
265.0 8.747552
267.5 8.565344
270.0 8.975896
272.5 8.964504
275.0 9.029688
277.5 0.883888
280.0 0.918536
282.5 0.86568
285.0 0.886664
287.5 0.869528
290.0 0.89012
292.5 0.878808
295.0 0.340992
297.5 0.334232
300.0 0.33348
302.5 0.28468
305.0 0.340528
307.5 0.332696
310.0 0.338064
312.5 0.330312
315.0 0.33488
