0 0.230744
2.5 0.231216
5.0 0.230528
7.5 0.231432
10.0 0.231312
12.5 0.229272
15.0 0.230928
17.5 0.228072
20.0 0.230408
22.5 0.229144
25.0 0.230832
27.5 0.226944
30.0 6.631416
32.5 4.455856
35.0 6.150664
37.5 7.24224
40.0 7.027232
42.5 7.847464
45.0 7.077
47.5 8.383112
50.0 7.147152
52.5 6.492376
55.0 7.785
57.5 7.229304
60.0 5.404336
62.5 6.547992
65.0 3.45768
67.5 5.386224
70.0 5.398496
72.5 5.284776
75.0 5.956264
77.5 1.794416
80.0 6.24296
82.5 5.617512
85.0 5.610656
87.5 2.528648
90.0 1.070256
92.5 1.014856
95.0 1.064048
97.5 1.092944
100.0 1.038408
102.5 1.045624
105.0 1.033152
107.5 1.075176
110.0 0.876016
112.5 0.8776
115.0 1.066648
117.5 1.31064
120.0 1.907256
122.5 2.295728
125.0 3.715384
127.5 3.488088
130.0 3.920592
132.5 3.892472
135.0 3.661344
137.5 3.771864
140.0 1.205528
142.5 3.586112
145.0 2.796152
147.5 0.956808
150.0 0.97288
152.5 0.972752
155.0 1.014136
157.5 0.951688
157.5 8.861248
160.0 8.8214
162.5 9.19484
165.0 9.222432
167.5 9.355176
170.0 0.904064
172.5 0.896256
175.0 0.873368
177.5 0.873712
180.0 0.863808
182.5 0.872032
185.0 0.87208
187.5 8.765312
190.0 8.4082
192.5 8.721656
195.0 8.862208
197.5 9.01916
200.0 0.952264
202.5 0.953752
205.0 0.94688
207.5 0.93844
210.0 0.919056
212.5 0.928688
215.0 0.94372
217.5 0.34436
220.0 0.3618
222.5 0.337904
225.0 0.354288
227.5 0.3562
230.0 0.354928
232.5 0.357472
235.0 0.356816
237.5 0.357112
240.0 0.324736
242.5 0.35452
245.0 0.348248
247.5 0.359552
250.0 0.359144
252.5 0.37128
255.0 0.366616
257.5 0.367128
260.0 0.358056
262.5 0.36036
265.0 0.368808
267.5 0.344472
270.0 3.624072
272.5 3.808496
275.0 4.109408
277.5 4.028272
280.0 3.809192
282.5 0.986008
285.0 0.975368
287.5 1.002544
290.0 0.995744
292.5 0.973048
295.0 1.001992
297.5 3.979256
300.0 2.37148
302.5 6.957176
305.0 7.659688
307.5 8.234432
310.0 4.821568
312.5 6.549192
315.0 8.729488
