0 0.701904
2.5 0.797848
5.0 0.787032
7.5 0.838224
10.0 0.779336
12.5 0.796456
15.0 0.725712
17.5 0.753776
20.0 0.736456
22.5 0.792848
25.0 1.430824
27.5 1.333504
30.0 2.11012
32.5 1.951424
35.0 2.107184
37.5 0.777984
40.0 0.861784
42.5 2.165224
45.0 1.591512
47.5 2.184384
50.0 2.108568
52.5 2.17692
55.0 0.295152
57.5 0.309424
60.0 0.371416
62.5 0.372528
65.0 0.37604
67.5 0.372128
70.0 0.362128
72.5 0.37176
75.0 0.363456
77.5 0.358296
80.0 1.010872
82.5 1.028208
85.0 0.640872
87.5 0.76972
90.0 0.921696
92.5 1.021808
95.0 0.795136
97.5 0.64416
100.0 0.722456
102.5 0.500392
105.0 0.813296
107.5 0.8668
110.0 0.859048
112.5 0.904456
115.0 0.79128
117.5 0.83476
120.0 0.86276
122.5 0.823312
125.0 0.85512
127.5 0.827536
130.0 0.849856
132.5 0.832208
135.0 8.543424
137.5 9.395024
140.0 8.242976
142.5 8.340096
145.0 8.980856
147.5 1.207632
150.0 1.184776
152.5 1.1824
155.0 1.19592
157.5 1.192344
157.5 0.35608
160.0 0.35412
162.5 0.355872
165.0 0.358472
167.5 0.360712
170.0 0.366048
172.5 0.365616
175.0 0.354224
177.5 0.35988
180.0 0.356808
182.5 0.353328
185.0 1.072032
187.5 0.8948
190.0 1.106256
192.5 1.073968
195.0 1.084824
197.5 1.173496
200.0 1.008904
202.5 1.045464
205.0 1.0744
207.5 1.044344
210.0 0.99196
212.5 0.995608
215.0 1.012736
217.5 1.061032
220.0 1.05236
222.5 1.004688
225.0 1.016176
227.5 1.04176
230.0 1.012296
232.5 0.929376
235.0 1.036568
237.5 0.948712
240.0 0.917256
242.5 0.947552
245.0 0.917096
247.5 0.921552
250.0 0.86032
252.5 0.920768
255.0 0.926256
257.5 0.883984
260.0 0.926792
262.5 5.599528
265.0 4.710248
267.5 5.077824
270.0 5.905696
272.5 5.807952
275.0 5.64588
277.5 5.420992
280.0 5.813984
282.5 5.720552
285.0 5.81316
287.5 0.285896
290.0 0.283856
292.5 0.285744
295.0 0.283936
297.5 0.282728
300.0 0.281024
302.5 0.286328
305.0 0.28016
307.5 0.273064
310.0 0.28172
312.5 0.334504
315.0 0.336592
