0 8.476264
2.5 7.77448
5.0 7.767568
7.5 8.006688
10.0 8.4594
12.5 9.115784
15.0 8.579376
17.5 8.738904
20.0 8.387376
22.5 8.57308
25.0 8.065224
27.5 7.572352
30.0 6.923016
32.5 6.635704
35.0 7.397736
37.5 7.043704
40.0 6.67816
42.5 1.294792
45.0 1.246064
47.5 1.268632
50.0 1.259352
52.5 1.244168
55.0 1.258048
57.5 1.31232
60.0 1.30156
62.5 1.29424
65.0 0.656992
67.5 0.656848
70.0 0.580024
72.5 0.652648
75.0 0.640464
77.5 0.649168
80.0 0.65256
82.5 0.21992
85.0 0.202176
87.5 0.220672
90.0 0.222888
92.5 0.224096
95.0 0.222648
97.5 0.222776
100.0 0.216176
102.5 0.215328
105.0 0.212672
107.5 0.218776
110.0 0.216848
112.5 1.005624
115.0 1.002592
117.5 0.999696
120.0 0.936744
122.5 0.61808
125.0 0.971288
127.5 1.004064
130.0 0.955504
132.5 0.735432
135.0 0.971776
137.5 0.97304
140.0 0.988712
142.5 9.57968
145.0 9.8018
147.5 9.370072
150.0 8.473864
152.5 9.09672
155.0 9.300792
157.5 8.643168
157.5 0.210064
160.0 0.208264
162.5 0.2128
165.0 0.209528
167.5 0.211456
170.0 0.209248
172.5 0.202112
175.0 0.209008
177.5 0.207552
180.0 0.209408
182.5 0.207256
185.0 0.2036
187.5 1.000168
190.0 1.040496
192.5 0.986216
195.0 1.034672
197.5 1.049192
200.0 0.980712
202.5 0.972528
205.0 0.976592
207.5 1.004664
210.0 0.94784
212.5 1.01152
215.0 1.022096
217.5 9.275416
220.0 9.479488
222.5 8.915288
225.0 8.802112
227.5 1.698776
230.0 7.893096
232.5 8.274336
235.0 7.221928
237.5 2.6878
240.0 2.990056
242.5 4.078216
245.0 1.689136
247.5 2.490328
250.0 1.829576
252.5 4.174848
255.0 2.12412
257.5 3.347712
260.0 3.9102
262.5 1.370704
265.0 1.983432
267.5 0.350616
270.0 0.331
272.5 0.267736
275.0 0.348856
277.5 0.360496
280.0 0.359936
282.5 0.338184
285.0 0.355584
287.5 0.354976
290.0 0.350952
292.5 0.356392
295.0 0.355696
297.5 2.054048
300.0 1.824384
302.5 1.460056
305.0 5.058048
307.5 8.212424
310.0 8.367176
312.5 8.646632
315.0 8.171552
