0 3.964952
2.5 3.981352
5.0 4.063872
7.5 4.051024
10.0 4.027808
12.5 3.99604
15.0 3.843144
17.5 4.099416
20.0 4.132992
22.5 4.1194
25.0 4.012
27.5 4.013584
30.0 1.350936
32.5 1.07612
35.0 1.696512
37.5 0.776728
40.0 1.550832
42.5 0.66944
45.0 1.306648
47.5 1.309728
50.0 1.457656
52.5 1.261536
55.0 0.811144
57.5 0.351552
60.0 0.358
62.5 0.350992
65.0 0.3446
67.5 0.353336
70.0 0.351768
72.5 0.345744
75.0 0.346832
77.5 0.34352
80.0 4.12176
82.5 6.928624
85.0 7.727304
87.5 6.864848
90.0 7.040344
92.5 6.693792
95.0 5.72524
97.5 7.641152
100.0 9.55428
102.5 9.572384
105.0 5.917992
107.5 6.392744
110.0 0.219344
112.5 0.250512
115.0 0.246408
117.5 0.248296
120.0 0.24664
122.5 0.24632
125.0 0.247336
127.5 0.252816
130.0 0.237648
132.5 0.241776
135.0 0.249256
137.5 5.435696
140.0 6.839
142.5 5.558448
145.0 4.771152
147.5 4.15004
150.0 6.111496
152.5 5.905728
155.0 0.540488
157.5 7.674704
157.5 0.351568
160.0 0.348912
162.5 0.354408
165.0 0.385688
167.5 0.388816
170.0 0.384088
172.5 0.382768
175.0 0.384392
177.5 0.375144
180.0 0.379488
182.5 0.386816
185.0 0.382416
187.5 0.462904
190.0 0.63592
192.5 0.96556
195.0 0.959104
197.5 0.996496
200.0 0.971168
202.5 0.968232
205.0 0.928296
207.5 0.918832
210.0 0.934816
212.5 0.815584
215.0 0.833208
217.5 6.091752
220.0 6.58376
222.5 6.889568
225.0 6.902848
227.5 5.52552
230.0 5.15684
232.5 5.419472
235.0 4.95608
237.5 5.022144
240.0 5.549408
242.5 4.932504
245.0 5.07992
247.5 8.854176
250.0 8.792896
252.5 0.790368
255.0 0.796008
257.5 0.7614
260.0 0.763376
262.5 0.771568
265.0 0.78064
267.5 0.927296
270.0 0.927368
272.5 0.907944
275.0 0.933304
277.5 0.930104
280.0 0.924936
282.5 0.922928
285.0 0.933936
287.5 0.853888
290.0 0.645928
292.5 0.912208
295.0 2.53312
297.5 2.917136
300.0 2.854648
302.5 2.72116
305.0 2.941192
307.5 2.81544
310.0 2.765368
312.5 3.253184
315.0 3.277704
