0 0.835264
2.5 0.991368
5.0 0.99128
7.5 0.934496
10.0 0.917336
12.5 0.828224
15.0 0.875704
17.5 0.903904
20.0 0.928304
22.5 0.93052
25.0 8.526568
27.5 8.649696
30.0 8.646344
32.5 9.228408
35.0 1.308168
37.5 1.282504
40.0 1.27676
42.5 1.214288
45.0 0.385248
47.5 0.328392
50.0 0.36652
52.5 0.374872
55.0 0.385656
57.5 0.352984
60.0 0.387632
62.5 0.380744
65.0 0.384304
67.5 0.380872
70.0 0.365648
72.5 0.386632
75.0 9.387944
77.5 9.121936
80.0 8.92212
82.5 9.074928
85.0 9.596424
87.5 0.882376
90.0 0.818128
92.5 0.838824
95.0 0.884144
97.5 0.86284
100.0 0.860496
102.5 0.874776
105.0 0.293016
107.5 0.329464
110.0 0.329624
112.5 0.329808
115.0 0.330712
117.5 0.326192
120.0 0.327048
122.5 0.332312
125.0 0.326896
127.5 0.322616
130.0 0.30876
132.5 0.334608
135.0 0.339064
137.5 0.340216
140.0 0.34476
142.5 0.340168
145.0 0.336712
147.5 0.339976
150.0 0.341344
152.5 0.340872
155.0 0.33724
157.5 0.347536
157.5 6.02924
160.0 5.69464
162.5 9.287136
165.0 8.91428
167.5 9.292168
170.0 9.237736
172.5 9.443464
175.0 8.868152
177.5 9.16764
180.0 6.554216
182.5 9.4226
185.0 6.131832
187.5 0.925528
190.0 0.867104
192.5 0.973256
195.0 0.893672
197.5 0.905104
200.0 0.954592
202.5 0.904512
205.0 0.826744
207.5 0.814112
210.0 0.916216
212.5 0.927352
215.0 0.94256
217.5 0.932896
220.0 2.768496
222.5 3.218352
225.0 5.39628
227.5 3.976792
230.0 4.389832
232.5 1.459328
235.0 1.463752
237.5 1.047928
240.0 1.456568
242.5 0.975768
245.0 1.453864
247.5 1.269584
250.0 2.446928
252.5 3.089536
255.0 1.692376
257.5 4.930576
260.0 2.75572
262.5 1.552544
265.0 2.475592
267.5 3.449792
270.0 4.098192
272.5 1.512984
275.0 4.17436
277.5 1.8648
280.0 4.747296
282.5 4.498336
285.0 4.499168
287.5 4.741696
290.0 4.506952
292.5 4.795752
295.0 4.837872
297.5 4.129344
300.0 4.638112
302.5 4.585256
305.0 5.078904
307.5 5.272096
310.0 0.325064
312.5 0.324256
315.0 0.306208
