0 0.890776
2.5 0.863512
5.0 0.767216
7.5 0.287328
10.0 0.891824
12.5 0.857072
15.0 0.886656
17.5 0.800192
20.0 0.87752
22.5 0.768968
25.0 0.851576
27.5 0.851248
30.0 5.60296
32.5 6.487224
35.0 7.134056
37.5 7.11396
40.0 7.132048
42.5 7.075688
45.0 6.726008
47.5 8.916224
50.0 8.875224
52.5 8.568728
55.0 6.4246
57.5 6.311232
60.0 4.586928
62.5 4.252496
65.0 1.876288
67.5 4.754104
70.0 4.81312
72.5 4.023912
75.0 2.874464
77.5 2.941472
80.0 5.189632
82.5 5.159112
85.0 5.042208
87.5 4.521584
90.0 5.130072
92.5 4.314296
95.0 3.284136
97.5 5.799184
100.0 5.508432
102.5 5.79564
105.0 3.98112
107.5 5.481376
110.0 0.372296
112.5 0.36888
115.0 0.372464
117.5 0.372792
120.0 0.371504
122.5 0.36116
125.0 0.368288
127.5 0.371352
130.0 0.372384
132.5 0.377696
135.0 0.368352
137.5 0.370936
140.0 5.2266
142.5 5.165136
145.0 5.165832
147.5 5.270056
150.0 5.428368
152.5 4.234728
155.0 4.423176
157.5 4.510936
157.5 0.364592
160.0 0.356848
162.5 0.34916
165.0 0.348952
167.5 0.347968
170.0 0.36032
172.5 0.352536
175.0 0.360136
177.5 0.89176
180.0 0.970536
182.5 0.984312
185.0 0.954264
187.5 0.793808
190.0 1.036984
192.5 0.933512
195.0 0.927768
197.5 0.916368
200.0 0.964952
202.5 3.443096
205.0 3.43172
207.5 4.116144
210.0 3.39276
212.5 3.50656
215.0 3.588184
217.5 4.262496
220.0 3.662368
222.5 3.872936
225.0 3.576288
227.5 3.573968
230.0 1.875064
232.5 2.064848
235.0 2.157144
237.5 2.855088
240.0 2.837128
242.5 2.866224
245.0 2.778336
247.5 2.605032
250.0 2.811336
252.5 2.797752
255.0 9.108352
257.5 9.01812
260.0 6.967528
262.5 8.480688
265.0 9.427248
267.5 7.1802
270.0 8.763776
272.5 8.779264
275.0 8.91116
277.5 7.546672
280.0 8.765536
282.5 8.626616
285.0 6.0252
287.5 8.366448
290.0 7.908328
292.5 6.78384
295.0 7.399824
297.5 6.286704
300.0 6.77056
302.5 5.94856
305.0 6.291832
307.5 7.542328
310.0 8.177416
312.5 0.32312
315.0 0.359488
