0 0.341696
2.5 0.34072
5.0 0.350592
7.5 0.353296
10.0 0.335512
12.5 0.351144
15.0 0.345144
17.5 0.346048
20.0 0.34832
22.5 0.353328
25.0 0.347472
27.5 0.34528
30.0 0.972
32.5 0.97948
35.0 0.984128
37.5 1.02096
40.0 0.95944
42.5 0.954976
45.0 0.891224
47.5 0.923776
50.0 0.89436
52.5 0.949784
55.0 0.93888
57.5 0.876784
60.0 0.923728
62.5 0.93476
65.0 0.874568
67.5 0.941672
70.0 0.93864
72.5 0.84724
75.0 0.848432
77.5 0.95864
80.0 0.946536
82.5 0.9604
85.0 0.964296
87.5 0.953552
90.0 7.217144
92.5 7.37812
95.0 6.936048
97.5 6.929616
100.0 7.413552
102.5 6.569488
105.0 8.78448
107.5 8.425408
110.0 8.42168
112.5 7.416328
115.0 5.478696
117.5 8.091184
120.0 7.186536
122.5 7.495352
125.0 0.830424
127.5 0.817424
130.0 0.826032
132.5 0.844192
135.0 0.829104
137.5 0.80508
140.0 0.81096
142.5 0.84572
145.0 0.940192
147.5 0.912432
150.0 0.926896
152.5 0.933776
155.0 0.921912
157.5 0.8796
157.5 9.063632
160.0 9.390456
162.5 9.040216
165.0 9.181048
167.5 8.810464
170.0 9.18948
172.5 9.457768
175.0 8.97392
177.5 0.940072
180.0 0.956312
182.5 0.970312
185.0 0.993624
187.5 0.957816
190.0 0.976168
192.5 0.98588
195.0 0.967824
197.5 0.945224
200.0 0.897824
202.5 0.80908
205.0 0.95036
207.5 0.319384
210.0 0.278408
212.5 0.245584
215.0 0.341432
217.5 0.283912
220.0 0.281768
222.5 0.28676
225.0 0.32668
227.5 0.325408
230.0 0.28428
232.5 0.288784
235.0 0.322776
237.5 0.494384
240.0 0.837728
242.5 1.958064
245.0 2.057648
247.5 1.903456
250.0 0.88368
252.5 0.895112
255.0 0.90052
257.5 0.904584
260.0 0.8906
262.5 0.878896
265.0 0.897224
267.5 2.554368
270.0 2.538712
272.5 2.570664
275.0 2.474112
277.5 2.346128
280.0 2.540616
282.5 2.568824
285.0 2.431088
287.5 0.246616
290.0 0.250536
292.5 0.252592
295.0 0.253296
297.5 0.242296
300.0 0.244688
302.5 0.242848
305.0 0.25764
307.5 0.2454
310.0 0.251672
312.5 0.241368
315.0 0.256016
