0 0.274736
2.5 0.249264
5.0 0.248808
7.5 0.275056
10.0 0.277936
12.5 0.274336
15.0 0.27768
17.5 0.229832
20.0 0.275208
22.5 0.279408
25.0 0.277024
27.5 0.27964
30.0 0.286192
32.5 1.123392
35.0 1.077616
37.5 1.137632
40.0 1.070736
42.5 1.070448
45.0 1.138488
47.5 1.090096
50.0 1.114456
52.5 1.133184
55.0 1.13276
57.5 6.273128
60.0 7.901776
62.5 7.641848
65.0 9.047736
67.5 8.105888
70.0 7.572
72.5 7.591968
75.0 8.02796
77.5 7.547512
80.0 7.625848
82.5 7.920984
85.0 7.199904
87.5 1.050176
90.0 1.037776
92.5 1.049768
95.0 1.084096
97.5 1.065792
100.0 1.054224
102.5 1.00404
105.0 1.053632
107.5 1.09504
110.0 1.004472
112.5 1.03564
115.0 1.02604
117.5 0.34496
120.0 0.343128
122.5 0.403688
125.0 0.407008
127.5 0.405336
130.0 0.402928
132.5 0.39584
135.0 0.392224
137.5 0.405912
140.0 0.397552
142.5 0.40636
145.0 0.4032
147.5 0.343016
150.0 0.311648
152.5 0.346
155.0 0.315184
157.5 0.346432
157.5 4.194072
160.0 4.145544
162.5 4.197928
165.0 4.837416
167.5 4.829024
170.0 0.303312
172.5 0.3062
175.0 0.3562
177.5 0.361592
180.0 0.355512
182.5 0.359896
185.0 0.358568
187.5 0.357648
190.0 0.354432
192.5 0.353528
195.0 0.353184
197.5 0.342344
200.0 0.243208
202.5 0.243232
205.0 0.232248
207.5 0.240808
210.0 0.247856
212.5 0.254216
215.0 0.240928
217.5 0.237624
220.0 0.241392
222.5 0.25284
225.0 0.243008
227.5 0.249592
230.0 0.957784
232.5 1.001856
235.0 0.990952
237.5 0.912824
240.0 8.701208
242.5 9.007504
245.0 8.993664
247.5 8.980832
250.0 9.025312
252.5 8.9756
255.0 8.978096
257.5 9.022768
260.0 9.048368
262.5 5.251952
265.0 0.9592
267.5 0.93336
270.0 0.965448
272.5 0.768168
275.0 0.942792
277.5 0.84912
280.0 0.963168
282.5 0.847248
285.0 0.867528
287.5 0.753912
290.0 0.95628
292.5 1.4286
295.0 3.465056
297.5 4.217352
300.0 4.225768
302.5 4.444744
305.0 1.035264
307.5 1.00416
310.0 1.03072
312.5 1.021816
315.0 1.01116
