0 2.16248
2.5 2.176184
5.0 2.169048
7.5 2.169184
10.0 2.223048
12.5 1.22204
15.0 1.223376
17.5 1.210352
20.0 1.197776
22.5 1.227408
25.0 0.577664
27.5 1.223288
30.0 0.221968
32.5 0.222136
35.0 0.227696
37.5 0.223952
40.0 0.223112
42.5 0.223336
45.0 0.224944
47.5 0.219192
50.0 0.223696
52.5 0.21404
55.0 0.226744
57.5 0.22624
60.0 0.37412
62.5 0.37728
65.0 0.371232
67.5 0.373952
70.0 0.369664
72.5 0.37072
75.0 0.368768
77.5 0.378784
80.0 0.361792
82.5 0.373144
85.0 0.972936
87.5 1.040368
90.0 0.995104
92.5 1.057736
95.0 0.992856
97.5 1.048184
100.0 0.978864
102.5 0.978064
105.0 0.818816
107.5 0.894048
110.0 1.040856
112.5 0.991872
115.0 0.987888
117.5 1.04524
120.0 0.989584
122.5 0.967408
125.0 0.985816
127.5 1.010272
130.0 0.970048
132.5 0.99784
135.0 0.975408
137.5 1.019184
140.0 0.989816
142.5 0.895904
145.0 0.853368
147.5 0.912656
150.0 0.86428
152.5 0.901328
155.0 0.832808
157.5 0.843008
157.5 0.320184
160.0 0.325784
162.5 0.327528
165.0 0.325232
167.5 0.325664
170.0 0.322656
172.5 0.32556
175.0 0.325744
177.5 0.326784
180.0 0.327688
182.5 0.32552
185.0 0.325376
187.5 0.358336
190.0 0.360488
192.5 0.359288
195.0 0.358088
197.5 0.362744
200.0 0.359416
202.5 0.361032
205.0 0.331888
207.5 0.3566
210.0 0.356448
212.5 1.034984
215.0 1.054248
217.5 1.079072
220.0 1.078088
222.5 1.096448
225.0 1.03776
227.5 1.057272
230.0 1.017528
232.5 1.03264
235.0 1.054968
237.5 1.00148
240.0 0.374016
242.5 0.373016
245.0 0.376904
247.5 0.382424
250.0 0.381008
252.5 0.376696
255.0 0.382912
257.5 0.379304
260.0 0.37916
262.5 0.380632
265.0 0.381856
267.5 0.380192
270.0 0.937496
272.5 0.957544
275.0 0.973272
277.5 0.987664
280.0 0.97884
282.5 0.94348
285.0 0.931592
287.5 0.953448
290.0 0.95836
292.5 0.954104
295.0 0.843016
297.5 0.865792
300.0 0.892856
302.5 0.874368
305.0 0.731264
307.5 0.876112
310.0 0.725744
312.5 0.719848
315.0 0.82072
