0 6.26876
2.5 4.467616
5.0 5.108304
7.5 5.833096
10.0 4.413648
12.5 6.290296
15.0 5.263832
17.5 4.434232
20.0 2.749984
22.5 1.796392
25.0 2.996224
27.5 2.766768
30.0 4.913256
32.5 3.799128
35.0 8.312864
37.5 6.622936
40.0 5.695792
42.5 7.13172
45.0 1.59492
47.5 1.539784
50.0 1.20884
52.5 0.846768
55.0 0.293552
57.5 0.278768
60.0 0.2862
62.5 0.301208
65.0 0.293696
67.5 0.299448
70.0 0.290736
72.5 0.282864
75.0 0.86716
77.5 0.888136
80.0 0.821552
82.5 0.880528
85.0 0.937352
87.5 0.9372
90.0 0.904616
92.5 0.942664
95.0 0.893832
97.5 0.918496
100.0 7.670488
102.5 7.628216
105.0 7.671336
107.5 8.312304
110.0 7.988448
112.5 1.264728
115.0 1.212312
117.5 1.231288
120.0 3.768608
122.5 3.577512
125.0 3.73064
127.5 3.907872
130.0 3.392496
132.5 3.78192
135.0 3.877216
137.5 3.71452
140.0 3.825552
142.5 1.911304
145.0 3.596688
147.5 5.651424
150.0 6.129768
152.5 5.7102
155.0 5.629408
157.5 0.854552
157.5 0.269816
160.0 0.266872
162.5 0.281024
165.0 0.275816
167.5 0.2826
170.0 0.262912
172.5 0.286008
175.0 0.251928
177.5 0.265512
180.0 0.272552
182.5 0.273104
185.0 0.257896
187.5 8.910168
190.0 8.377
192.5 8.328592
195.0 8.9322
197.5 8.800104
200.0 8.875528
202.5 8.198488
205.0 8.766536
207.5 8.147168
210.0 8.906944
212.5 3.694408
215.0 6.318128
217.5 5.719464
220.0 5.747352
222.5 6.402416
225.0 4.69988
227.5 3.56144
230.0 1.085632
232.5 0.913576
235.0 0.76404
237.5 1.179552
240.0 0.286528
242.5 0.285488
245.0 0.280528
247.5 0.282104
250.0 0.277856
252.5 0.27408
255.0 0.283352
257.5 0.277312
260.0 0.281208
262.5 0.28616
265.0 0.27244
267.5 0.268912
270.0 0.965168
272.5 0.929344
275.0 0.952976
277.5 0.969856
280.0 0.981088
282.5 0.942784
285.0 0.909784
287.5 0.93144
290.0 0.933024
292.5 0.93152
295.0 0.856112
297.5 0.937064
300.0 0.938
302.5 0.875696
305.0 0.945
307.5 0.951312
310.0 0.962384
312.5 0.947128
315.0 0.94896
