0 6.59352
2.5 6.84956
5.0 7.346752
7.5 1.189784
10.0 1.18632
12.5 1.170168
15.0 1.136048
17.5 1.211208
20.0 1.2024
22.5 0.98372
25.0 0.996976
27.5 0.919288
30.0 0.971016
32.5 0.956792
35.0 0.96808
37.5 0.384792
40.0 0.901992
42.5 0.868232
45.0 0.934712
47.5 0.941072
50.0 0.954344
52.5 0.953288
55.0 0.968896
57.5 0.961152
60.0 0.93872
62.5 0.843328
65.0 0.934192
67.5 0.91064
70.0 0.271056
72.5 0.243952
75.0 0.232272
77.5 0.245472
80.0 0.238792
82.5 0.242608
85.0 0.25264
87.5 0.24016
90.0 0.2418
92.5 0.25
95.0 0.240704
97.5 0.2304
100.0 0.239888
102.5 4.347376
105.0 5.872168
107.5 6.150448
110.0 5.607288
112.5 5.789272
115.0 6.017432
117.5 5.147344
120.0 3.374968
122.5 4.02888
125.0 6.15956
127.5 3.273664
130.0 5.282008
132.5 0.358712
135.0 0.364976
137.5 0.36368
140.0 0.366168
142.5 0.358296
145.0 0.364008
147.5 0.366552
150.0 0.36636
152.5 0.3662
155.0 0.359856
157.5 0.334216
157.5 2.897952
160.0 3.071896
162.5 2.752872
165.0 2.80368
167.5 3.006568
170.0 2.884152
172.5 2.967176
175.0 3.05532
177.5 3.018144
180.0 2.2886
182.5 0.610968
185.0 0.650888
187.5 0.772088
190.0 0.614344
192.5 0.775112
195.0 0.768912
197.5 0.658888
200.0 0.780616
202.5 0.625744
205.0 0.655576
207.5 0.609984
210.0 0.55824
212.5 0.876696
215.0 0.839864
217.5 0.957888
220.0 0.646928
222.5 0.922536
225.0 0.917608
227.5 0.90716
230.0 0.915648
232.5 0.887416
235.0 0.904992
237.5 0.932968
240.0 0.89056
242.5 0.384848
245.0 0.37104
247.5 0.382896
250.0 0.382184
252.5 0.385
255.0 0.375432
257.5 0.378432
260.0 0.38064
262.5 0.367376
265.0 0.37976
267.5 0.37824
270.0 0.371528
272.5 2.960768
275.0 2.107088
277.5 3.2462
280.0 2.818672
282.5 3.28248
285.0 1.1344
287.5 1.289608
290.0 1.29328
292.5 1.317664
295.0 1.27244
297.5 1.277488
300.0 1.31224
302.5 0.88256
305.0 0.9086
307.5 0.8798
310.0 0.919952
312.5 0.884616
315.0 0.799704
