0 5.60296
2.5 6.487224
5.0 7.134056
7.5 7.11396
10.0 7.132048
12.5 7.075688
15.0 6.726008
17.5 8.916224
20.0 8.875224
22.5 8.568728
25.0 6.4246
27.5 6.311232
30.0 0.388384
32.5 0.397672
35.0 0.387048
37.5 0.385576
40.0 0.386296
42.5 0.393272
45.0 0.389992
47.5 0.386016
50.0 0.38656
52.5 0.392064
55.0 0.381672
57.5 0.390528
60.0 9.469184
62.5 7.100456
65.0 9.416688
67.5 6.94812
70.0 9.11008
72.5 7.1048
75.0 7.100448
77.5 9.579712
80.0 9.504024
82.5 0.392664
85.0 0.386816
87.5 0.390688
90.0 0.39136
92.5 0.393824
95.0 0.38704
97.5 0.39668
100.0 0.392904
102.5 0.38692
105.0 0.3896
107.5 0.387192
110.0 0.387376
112.5 2.312024
115.0 2.388952
117.5 2.24776
120.0 3.333512
122.5 2.3964
125.0 2.224992
127.5 2.525288
130.0 2.339712
132.5 3.036016
135.0 2.259872
137.5 3.033104
140.0 0.83648
142.5 0.895128
145.0 0.911368
147.5 0.890352
150.0 0.8914
152.5 0.875568
155.0 0.91208
157.5 0.8556
157.5 7.233288
160.0 5.943472
162.5 7.24592
165.0 6.902016
167.5 7.112632
170.0 7.560616
172.5 7.227248
175.0 8.701256
177.5 8.640696
180.0 7.10936
182.5 9.17268
185.0 6.743872
187.5 0.203336
190.0 0.209584
192.5 0.203984
195.0 0.209232
197.5 0.208432
200.0 0.2098
202.5 0.20712
205.0 0.208496
207.5 0.201928
210.0 0.210376
212.5 2.140744
215.0 2.136072
217.5 2.272848
220.0 2.136232
222.5 2.26868
225.0 2.265776
227.5 2.06212
230.0 2.270112
232.5 2.27344
235.0 2.13788
237.5 2.131824
240.0 0.239488
242.5 0.243504
245.0 0.231288
247.5 0.237408
250.0 0.245168
252.5 0.247192
255.0 0.241336
257.5 0.226688
260.0 0.242128
262.5 0.239152
265.0 0.245376
267.5 0.240352
270.0 0.348624
272.5 0.35084
275.0 0.351848
277.5 0.35564
280.0 0.354464
282.5 0.35212
285.0 0.358872
287.5 0.350448
290.0 0.346928
292.5 0.354
295.0 0.28292
297.5 0.3072
300.0 0.853424
302.5 0.860472
305.0 0.866792
307.5 0.842416
310.0 0.896248
312.5 0.883472
315.0 0.877056
