0 4.407296
2.5 5.817288
5.0 4.164864
7.5 0.641952
10.0 0.641128
12.5 0.660864
15.0 0.626552
17.5 0.604784
20.0 0.642248
22.5 0.649408
25.0 0.634768
27.5 0.999136
30.0 1.045024
32.5 1.02468
35.0 1.06484
37.5 1.060344
40.0 1.031864
42.5 1.027592
45.0 0.896544
47.5 1.053016
50.0 1.061704
52.5 1.070208
55.0 0.905264
57.5 0.936824
60.0 0.950472
62.5 0.944336
65.0 0.944704
67.5 0.897288
70.0 0.921312
72.5 0.913784
75.0 0.928
77.5 0.914288
80.0 0.937512
82.5 0.956192
85.0 2.391352
87.5 1.6966
90.0 2.521752
92.5 2.505296
95.0 2.501472
97.5 2.310496
100.0 2.404928
102.5 2.479488
105.0 2.492664
107.5 2.34636
110.0 2.506384
112.5 2.466736
115.0 9.94676
117.5 7.150704
120.0 9.869832
122.5 9.924488
125.0 1.320944
127.5 1.32036
130.0 1.31044
132.5 1.332256
135.0 1.355912
137.5 1.263928
140.0 1.300216
142.5 1.25816
145.0 0.301488
147.5 0.307624
150.0 0.30212
152.5 0.295816
155.0 0.30936
157.5 0.3018
157.5 7.914736
160.0 5.765592
162.5 7.505
165.0 5.623496
167.5 5.801368
170.0 6.349768
172.5 7.439208
175.0 6.561472
177.5 7.240456
180.0 5.667504
182.5 7.680808
185.0 5.835608
187.5 7.86984
190.0 9.205136
192.5 8.178664
195.0 8.12944
197.5 8.252064
200.0 8.558192
202.5 5.923544
205.0 9.35552
207.5 7.561312
210.0 9.09088
212.5 6.827768
215.0 7.219496
217.5 8.061824
220.0 7.69072
222.5 7.914784
225.0 7.911208
227.5 7.702248
230.0 8.47884
232.5 8.310072
235.0 4.760232
237.5 6.272496
240.0 5.828152
242.5 0.262576
245.0 0.300208
247.5 0.302784
250.0 0.289032
252.5 0.299376
255.0 0.291168
257.5 0.2616
260.0 0.290632
262.5 0.297096
265.0 1.078544
267.5 1.009064
270.0 1.03184
272.5 1.095432
275.0 0.99884
277.5 1.033696
280.0 1.05884
282.5 1.058416
285.0 1.075544
287.5 0.914152
290.0 0.744576
292.5 1.03772
295.0 0.270576
297.5 0.251184
300.0 0.24356
302.5 0.252928
305.0 0.257432
307.5 0.244288
310.0 0.240656
312.5 0.20728
315.0 0.234912
