0 0.310208
2.5 0.310408
5.0 0.315624
7.5 0.297368
10.0 0.300424
12.5 0.331072
15.0 0.300472
17.5 0.333008
20.0 0.306768
22.5 0.312256
25.0 4.164096
27.5 3.797688
30.0 4.353904
32.5 4.192288
35.0 3.92048
37.5 0.813792
40.0 4.188304
42.5 3.26944
45.0 3.904616
47.5 2.50772
50.0 3.110624
52.5 3.54204
55.0 3.62168
57.5 2.506688
60.0 2.911144
62.5 2.380728
65.0 2.476848
67.5 2.424088
70.0 2.35512
72.5 2.499216
75.0 3.189896
77.5 3.2204
80.0 2.40072
82.5 3.670768
85.0 7.785384
87.5 8.77576
90.0 8.596584
92.5 8.443048
95.0 9.162296
97.5 9.027504
100.0 8.813344
102.5 9.032648
105.0 9.216104
107.5 9.007608
110.0 8.872016
112.5 9.039128
115.0 0.242984
117.5 0.247744
120.0 0.251784
122.5 0.265344
125.0 0.250992
127.5 0.239784
130.0 0.237272
132.5 0.262728
135.0 0.251128
137.5 0.259808
140.0 0.249992
142.5 0.4012
145.0 0.3974
147.5 0.386144
150.0 0.398184
152.5 0.393416
155.0 0.39224
157.5 0.388472
157.5 0.243752
160.0 0.290608
162.5 0.29152
165.0 0.287112
167.5 0.286864
170.0 0.288576
172.5 0.286568
175.0 0.289456
177.5 0.288032
180.0 0.28616
182.5 8.705984
185.0 8.046568
187.5 8.207392
190.0 8.418032
192.5 8.971776
195.0 0.95344
197.5 0.93836
200.0 0.925768
202.5 0.932496
205.0 0.927464
207.5 0.94576
210.0 0.5044
212.5 1.09696
215.0 1.26888
217.5 1.113656
220.0 0.822392
222.5 1.106248
225.0 0.517112
227.5 1.15532
230.0 0.509512
232.5 1.090424
235.0 1.21824
237.5 1.073976
240.0 0.748288
242.5 0.910272
245.0 0.931784
247.5 0.973224
250.0 1.01468
252.5 1.007296
255.0 0.961072
257.5 0.964176
260.0 0.932288
262.5 0.960816
265.0 0.903232
267.5 0.959448
270.0 0.969912
272.5 0.26676
275.0 0.308784
277.5 0.293936
280.0 0.296752
282.5 0.308144
285.0 0.29112
287.5 0.296616
290.0 0.29004
292.5 0.28824
295.0 0.303352
297.5 0.276904
300.0 6.729632
302.5 6.710312
305.0 5.223208
307.5 6.41516
310.0 6.73132
312.5 5.019824
315.0 5.041888
