0 0.355496
2.5 0.35268
5.0 0.3742
7.5 0.373864
10.0 0.364824
12.5 0.370768
15.0 0.369536
17.5 0.364352
20.0 0.356512
22.5 1.009816
25.0 0.964008
27.5 0.993752
30.0 1.087232
32.5 1.000504
35.0 0.955352
37.5 1.039976
40.0 0.962552
42.5 0.985584
45.0 0.999312
47.5 0.936784
50.0 0.99988
52.5 0.320032
55.0 0.32296
57.5 0.323528
60.0 0.314888
62.5 0.326064
65.0 0.322704
67.5 0.331304
70.0 0.332048
72.5 0.32648
75.0 0.328288
77.5 0.325432
80.0 6.407592
82.5 6.536144
85.0 6.91704
87.5 6.36788
90.0 5.937416
92.5 0.8778
95.0 0.83008
97.5 0.848352
100.0 0.841248
102.5 0.85216
105.0 0.848024
107.5 0.870776
110.0 0.361168
112.5 0.3556
115.0 0.357672
117.5 0.354752
120.0 0.35988
122.5 0.360744
125.0 0.361488
127.5 0.359776
130.0 0.359704
132.5 0.363136
135.0 0.356656
137.5 0.326216
140.0 0.876888
142.5 0.88568
145.0 0.920288
147.5 0.975328
150.0 1.00352
152.5 0.986648
155.0 0.886784
157.5 0.945944
157.5 6.605248
160.0 7.513096
162.5 8.004296
165.0 7.531488
167.5 1.572328
170.0 1.675568
172.5 1.631376
175.0 1.644456
177.5 1.614856
180.0 1.659664
182.5 1.57156
185.0 0.962344
187.5 0.99364
190.0 1.012992
192.5 0.835016
195.0 0.855568
197.5 2.749304
200.0 2.965696
202.5 2.468064
205.0 2.697008
207.5 1.752016
210.0 2.753464
212.5 1.755888
215.0 3.126944
217.5 1.898728
220.0 2.473352
222.5 2.473088
225.0 2.420104
227.5 1.18924
230.0 1.158352
232.5 1.189016
235.0 1.188224
237.5 1.18984
240.0 1.160864
242.5 1.167576
245.0 1.143432
247.5 1.188368
250.0 1.154552
252.5 0.336944
255.0 0.336496
257.5 0.336208
260.0 0.339688
262.5 0.325504
265.0 0.332224
267.5 0.336048
270.0 0.329248
272.5 0.859328
275.0 0.834464
277.5 0.942704
280.0 0.899152
282.5 0.897824
285.0 0.914384
287.5 0.861896
290.0 0.89328
292.5 0.871184
295.0 0.865024
297.5 0.89864
300.0 0.820504
302.5 5.305808
305.0 5.134672
307.5 5.58892
310.0 5.03188
312.5 5.787048
315.0 5.33032
