0 0.328216
2.5 0.335576
5.0 0.334832
7.5 0.338944
10.0 0.330896
12.5 0.326208
15.0 0.338928
17.5 0.337712
20.0 0.333648
22.5 0.346408
25.0 0.338952
27.5 0.332072
30.0 0.380432
32.5 0.39756
35.0 0.401872
37.5 0.40788
40.0 0.401888
42.5 0.37436
45.0 0.251288
47.5 0.30808
50.0 0.379392
52.5 0.381008
55.0 0.376768
57.5 0.376792
60.0 0.337816
62.5 0.372344
65.0 0.37888
67.5 0.3726
70.0 0.303312
72.5 0.3062
75.0 0.3562
77.5 0.361592
80.0 0.355512
82.5 0.359896
85.0 0.358568
87.5 0.357648
90.0 0.354432
92.5 0.353528
95.0 0.353184
97.5 0.342344
100.0 1.4286
102.5 3.465056
105.0 4.217352
107.5 4.225768
110.0 4.444744
112.5 1.035264
115.0 1.00416
117.5 1.03072
120.0 1.021816
122.5 1.01116
125.0 0.94468
127.5 5.908672
130.0 5.970336
132.5 5.809176
135.0 5.463248
137.5 5.254008
140.0 5.989168
142.5 3.70128
145.0 6.084128
147.5 8.095056
150.0 8.7642
152.5 8.15348
155.0 6.187656
157.5 0.915704
157.5 0.951888
160.0 0.94756
162.5 0.964424
165.0 0.948064
167.5 0.93984
170.0 0.956376
172.5 0.947552
175.0 0.913048
177.5 2.808704
180.0 2.883864
182.5 2.930472
185.0 2.8314
187.5 2.90604
190.0 1.359152
192.5 1.347832
195.0 1.17512
197.5 1.30292
200.0 1.252456
202.5 1.132488
205.0 1.128264
207.5 0.24496
210.0 0.255576
212.5 0.250448
215.0 0.24744
217.5 0.25336
220.0 0.259784
222.5 0.249168
225.0 0.250256
227.5 0.247352
230.0 0.248864
232.5 0.251888
235.0 0.256904
237.5 0.342536
240.0 0.285672
242.5 0.289064
245.0 0.284344
247.5 0.3472
250.0 0.352016
252.5 0.350856
255.0 0.343424
257.5 0.354272
260.0 0.34912
262.5 0.344272
265.0 0.343448
267.5 3.203848
270.0 2.724352
272.5 3.468232
275.0 2.858208
277.5 0.993288
280.0 0.969568
282.5 1.013232
285.0 0.956816
287.5 0.993488
290.0 0.849624
292.5 0.989072
295.0 2.253424
297.5 2.718656
300.0 3.283712
302.5 3.33264
305.0 3.28596
307.5 3.32524
310.0 0.695424
312.5 0.688504
315.0 0.698944
