0 0.250472
2.5 0.297432
5.0 0.281664
7.5 0.369144
10.0 0.369528
12.5 0.371528
15.0 0.368552
17.5 0.367336
20.0 0.36384
22.5 0.3664
25.0 0.36272
27.5 0.364624
30.0 0.336904
32.5 0.371656
35.0 0.371248
37.5 0.367168
40.0 0.369544
42.5 0.367392
45.0 0.366736
47.5 0.369912
50.0 0.366264
52.5 0.36528
55.0 0.388384
57.5 0.397672
60.0 0.387048
62.5 0.385576
65.0 0.386296
67.5 0.393272
70.0 0.389992
72.5 0.386016
75.0 0.38656
77.5 0.392064
80.0 0.381672
82.5 0.390528
85.0 0.39732
87.5 0.384304
90.0 0.389528
92.5 0.39168
95.0 0.393104
97.5 0.386768
100.0 0.362288
102.5 0.389104
105.0 0.389048
107.5 0.399904
110.0 0.394064
112.5 6.694896
115.0 6.567296
117.5 4.917752
120.0 6.975184
122.5 4.428776
125.0 4.292096
127.5 6.719016
130.0 7.35668
132.5 4.09516
135.0 7.53912
137.5 6.87588
140.0 6.627832
142.5 7.517496
145.0 9.249984
147.5 8.614128
150.0 9.25488
152.5 9.269448
155.0 9.456352
157.5 8.725824
157.5 4.908664
160.0 5.785352
162.5 6.15808
165.0 5.13256
167.5 6.512488
170.0 6.138
172.5 6.558584
175.0 6.276168
177.5 8.934024
180.0 6.143816
182.5 8.606056
185.0 6.316056
187.5 8.705984
190.0 8.046568
192.5 8.207392
195.0 8.418032
197.5 8.971776
200.0 0.95344
202.5 0.93836
205.0 0.925768
207.5 0.932496
210.0 0.927464
212.5 0.94576
215.0 0.5044
217.5 6.915416
220.0 6.314232
222.5 6.737136
225.0 0.215296
227.5 7.039288
230.0 6.773264
232.5 7.726992
235.0 6.524008
237.5 4.423168
240.0 4.07668
242.5 3.823384
245.0 3.573952
247.5 7.059784
250.0 6.781784
252.5 6.919552
255.0 6.566584
257.5 1.2574
260.0 1.2212
262.5 1.238008
265.0 1.243736
267.5 1.196552
270.0 1.226664
272.5 1.18992
275.0 0.296096
277.5 0.288992
280.0 0.377696
282.5 0.35568
285.0 0.387448
287.5 0.39284
290.0 0.391288
292.5 0.395472
295.0 0.390096
297.5 0.284824
300.0 0.296608
302.5 0.296952
305.0 0.291856
307.5 0.301424
310.0 0.295832
312.5 0.29016
315.0 0.237672
