0 6.293536
2.5 8.785272
5.0 6.617856
7.5 8.38136
10.0 8.06008
12.5 8.142584
15.0 6.718432
17.5 7.707208
20.0 6.8858
22.5 6.045904
25.0 8.841312
27.5 8.036496
30.0 0.359288
32.5 0.346776
35.0 0.388584
37.5 0.381896
40.0 0.3882
42.5 0.359664
45.0 0.345472
47.5 0.287656
50.0 0.94476
52.5 0.968112
55.0 0.977072
57.5 0.951584
60.0 0.962256
62.5 0.97284
65.0 0.943272
67.5 1.041256
70.0 1.030352
72.5 1.036768
75.0 0.963792
77.5 0.998968
80.0 1.008128
82.5 1.017456
85.0 0.938848
87.5 0.933864
90.0 0.958776
92.5 0.941624
95.0 1.017704
97.5 0.94592
100.0 0.929216
102.5 0.932048
105.0 0.94824
107.5 0.981696
110.0 0.97684
112.5 0.92584
115.0 0.877696
117.5 0.898712
120.0 0.879592
122.5 0.967424
125.0 5.117392
127.5 5.090584
130.0 5.02936
132.5 4.997352
135.0 4.985728
137.5 4.664592
140.0 6.29928
142.5 6.323744
145.0 4.468984
147.5 5.012312
150.0 6.306072
152.5 6.25136
155.0 3.015472
157.5 3.499672
157.5 0.370768
160.0 0.31192
162.5 0.359224
165.0 0.358544
167.5 0.342056
170.0 0.368216
172.5 0.36316
175.0 0.368888
177.5 0.359248
180.0 0.368232
182.5 0.36356
185.0 0.969488
187.5 0.968008
190.0 0.974856
192.5 0.968792
195.0 0.972576
197.5 0.976344
200.0 0.973008
202.5 0.962952
205.0 0.962944
207.5 0.97412
210.0 0.969728
212.5 0.973504
215.0 3.95148
217.5 4.787408
220.0 4.729856
222.5 6.021328
225.0 4.302536
227.5 5.261488
230.0 5.19936
232.5 4.476728
235.0 6.245464
237.5 5.150248
240.0 0.826072
242.5 0.58712
245.0 0.956936
247.5 1.000328
250.0 0.988072
252.5 0.973624
255.0 0.99348
257.5 0.925656
260.0 0.952808
262.5 0.877288
265.0 0.949256
267.5 0.93408
270.0 6.298808
272.5 7.8024
275.0 7.781896
277.5 7.66392
280.0 9.474936
282.5 9.049256
285.0 9.647792
287.5 9.289432
290.0 9.047696
292.5 9.562544
295.0 7.697408
297.5 9.237248
300.0 0.813296
302.5 0.8668
305.0 0.859048
307.5 0.904456
310.0 0.79128
312.5 0.83476
315.0 0.86276
