0 6.371664
2.5 1.943608
5.0 8.017816
7.5 8.26776
10.0 7.786456
12.5 8.43188
15.0 7.553128
17.5 7.581664
20.0 7.865912
22.5 7.444872
25.0 4.95356
27.5 3.521472
30.0 1.903624
32.5 2.13236
35.0 1.956152
37.5 1.977072
40.0 2.028936
42.5 2.120272
45.0 2.19848
47.5 2.184464
50.0 2.165032
52.5 0.96128
55.0 6.942872
57.5 6.456088
60.0 5.341752
62.5 5.461128
65.0 7.102032
67.5 2.824472
70.0 7.379296
72.5 4.256856
75.0 4.946688
77.5 7.045008
80.0 4.299064
82.5 6.68884
85.0 6.184024
87.5 7.03988
90.0 7.70776
92.5 6.009624
95.0 7.640376
97.5 7.095272
100.0 5.802064
102.5 7.674304
105.0 8.478688
107.5 7.00912
110.0 8.326264
112.5 6.966568
115.0 0.821168
117.5 0.837472
120.0 0.809432
122.5 0.847848
125.0 0.858816
127.5 0.819448
130.0 0.77684
132.5 0.90224
135.0 0.844464
137.5 0.881552
140.0 7.882304
142.5 8.722264
145.0 8.28328
147.5 8.230744
150.0 5.064952
152.5 4.783216
155.0 4.967528
157.5 4.926816
157.5 0.202288
160.0 0.249192
162.5 0.246832
165.0 0.256856
167.5 0.257072
170.0 0.256088
172.5 0.254168
175.0 0.24816
177.5 0.24568
180.0 0.23536
182.5 0.24108
185.0 0.227304
187.5 0.369912
190.0 0.278152
192.5 0.37
195.0 0.373296
197.5 0.372448
200.0 0.372896
202.5 0.367512
205.0 0.375112
207.5 0.373368
210.0 0.367784
212.5 0.370488
215.0 0.36876
217.5 0.32424
220.0 0.323408
222.5 0.326816
225.0 0.317472
227.5 0.315816
230.0 0.314632
232.5 0.310632
235.0 0.311632
237.5 0.311376
240.0 0.311016
242.5 0.310104
245.0 0.302736
247.5 8.051216
250.0 7.872952
252.5 8.45324
255.0 5.221456
257.5 6.016608
260.0 6.800568
262.5 5.244296
265.0 6.799624
267.5 7.198288
270.0 6.54464
272.5 8.337176
275.0 8.281576
277.5 6.303864
280.0 7.948912
282.5 6.807192
285.0 0.97992
287.5 0.93688
290.0 0.9752
292.5 0.965936
295.0 0.990928
297.5 0.957184
300.0 0.984728
302.5 0.843016
305.0 0.799208
307.5 0.89976
310.0 1.002976
312.5 1.121632
315.0 1.043488
