0 2.743968
2.5 2.373304
5.0 2.57884
7.5 2.378696
10.0 2.566968
12.5 2.733368
15.0 2.446824
17.5 2.480264
20.0 2.427648
22.5 2.555968
25.0 2.541128
27.5 0.882304
30.0 0.957536
32.5 0.961688
35.0 0.9672
37.5 0.93208
40.0 0.974296
42.5 0.950128
45.0 0.938448
47.5 0.903232
50.0 0.706616
52.5 0.23528
55.0 0.23484
57.5 0.248624
60.0 0.236632
62.5 0.245328
65.0 0.240768
67.5 0.23508
70.0 0.226976
72.5 0.242832
75.0 0.240576
77.5 0.241088
80.0 1.021832
82.5 0.932744
85.0 1.023552
87.5 0.907296
90.0 0.978696
92.5 0.96104
95.0 0.88536
97.5 0.920144
100.0 0.934032
102.5 0.774368
105.0 0.776288
107.5 0.937312
110.0 0.478248
112.5 0.290624
115.0 0.671576
117.5 0.819912
120.0 0.88576
122.5 0.927848
125.0 0.729064
127.5 0.908944
130.0 0.380872
132.5 0.45456
135.0 0.92484
137.5 0.516864
140.0 0.558488
142.5 0.9438
145.0 0.929984
147.5 0.947432
150.0 0.9482
152.5 0.978584
155.0 0.869064
157.5 0.881744
157.5 6.995304
160.0 7.02532
162.5 7.364032
165.0 6.996632
167.5 0.886976
170.0 0.8876
172.5 0.891832
175.0 0.896496
177.5 0.868232
180.0 0.8828
182.5 6.17612
185.0 1.7672
187.5 2.552944
190.0 5.355976
192.5 5.915008
195.0 1.423568
197.5 1.064064
200.0 0.982872
202.5 1.716832
205.0 0.579904
207.5 0.603136
210.0 4.364968
212.5 4.556176
215.0 4.4202
217.5 4.411864
220.0 4.459816
222.5 4.415768
225.0 4.438952
227.5 3.91004
230.0 4.374248
232.5 2.978264
235.0 1.010504
237.5 1.026072
240.0 1.018792
242.5 0.969432
245.0 1.015768
247.5 1.03368
250.0 0.909048
252.5 0.930256
255.0 0.977192
257.5 0.970856
260.0 0.95476
262.5 0.943056
265.0 0.394904
267.5 0.39324
270.0 0.373928
272.5 0.391656
275.0 0.392832
277.5 0.394528
280.0 0.3928
282.5 0.390552
285.0 0.389952
287.5 0.388368
290.0 0.39452
292.5 0.388456
295.0 0.265072
297.5 0.271904
300.0 0.262136
302.5 0.262472
305.0 0.262248
307.5 0.338008
310.0 0.262688
312.5 0.258136
315.0 0.264272
