0 9.05708
2.5 8.829984
5.0 8.003024
7.5 8.961416
10.0 0.900328
12.5 0.906168
15.0 0.899192
17.5 0.9086
20.0 0.910848
22.5 0.871384
25.0 3.946544
27.5 7.892808
30.0 8.539488
32.5 6.273264
35.0 6.579736
37.5 6.495136
40.0 6.583696
42.5 6.566112
45.0 6.448048
47.5 3.458368
50.0 3.140432
52.5 2.936896
55.0 3.004176
57.5 3.734808
60.0 3.628928
62.5 3.598504
65.0 3.45636
67.5 3.638072
70.0 3.677544
72.5 3.657952
75.0 1.729264
77.5 1.711296
80.0 1.87532
82.5 1.71824
85.0 1.43472
87.5 1.684976
90.0 1.681416
92.5 1.835416
95.0 1.870816
97.5 1.681344
100.0 1.653552
102.5 8.551704
105.0 8.19492
107.5 8.412864
110.0 7.608768
112.5 8.630896
115.0 8.69068
117.5 8.616536
120.0 8.552792
122.5 8.636736
125.0 8.473592
127.5 8.358336
130.0 0.867256
132.5 0.840872
135.0 0.86288
137.5 0.849208
140.0 0.88628
142.5 0.863064
145.0 0.838224
147.5 0.881088
150.0 0.885976
152.5 0.712712
155.0 0.865208
157.5 0.839984
157.5 0.953944
160.0 0.900312
162.5 0.971456
165.0 0.922328
167.5 0.916928
170.0 0.855416
172.5 0.848264
175.0 0.853408
177.5 0.769784
180.0 0.855344
182.5 0.879424
185.0 0.885336
187.5 5.905576
190.0 5.788744
192.5 6.128096
195.0 5.96904
197.5 6.18108
200.0 5.74656
202.5 5.71164
205.0 8.123256
207.5 7.710848
210.0 7.377912
212.5 5.90236
215.0 5.6082
217.5 0.414024
220.0 0.408744
222.5 0.398552
225.0 0.407008
227.5 0.412088
230.0 0.40372
232.5 0.409488
235.0 0.411856
237.5 0.399528
240.0 0.396728
242.5 0.374328
245.0 0.399336
247.5 0.929776
250.0 0.96948
252.5 1.024488
255.0 1.002888
257.5 1.054368
260.0 1.032872
262.5 1.003344
265.0 1.001968
267.5 1.030648
270.0 1.004904
272.5 0.948608
275.0 0.93408
277.5 6.059408
280.0 6.48568
282.5 6.251576
285.0 5.629584
287.5 6.970344
290.0 6.58424
292.5 6.622192
295.0 9.47204
297.5 6.328048
300.0 7.327168
302.5 5.248192
305.0 6.326392
307.5 1.088704
310.0 1.003936
312.5 1.05096
315.0 1.084272
