0 0.37412
2.5 0.373392
5.0 0.370784
7.5 0.375664
10.0 0.369432
12.5 0.368968
15.0 0.373448
17.5 0.368168
20.0 0.36708
22.5 0.367928
25.0 0.37048
27.5 2.188136
30.0 2.217816
32.5 2.040048
35.0 1.94872
37.5 2.08308
40.0 2.153664
42.5 2.204888
45.0 2.042952
47.5 2.171136
50.0 2.06792
52.5 2.128896
55.0 3.855568
57.5 5.430976
60.0 6.268992
62.5 5.095008
65.0 5.558176
67.5 3.541424
70.0 4.939024
72.5 4.573312
75.0 6.51068
77.5 6.02824
80.0 4.265408
82.5 4.106568
85.0 0.383136
87.5 0.368656
90.0 0.385624
92.5 0.384672
95.0 0.382384
97.5 0.382464
100.0 0.384208
102.5 0.382528
105.0 0.385128
107.5 0.3782
110.0 0.382552
112.5 0.376936
115.0 1.012176
117.5 1.015968
120.0 1.041048
122.5 0.986368
125.0 1.00516
127.5 0.99984
130.0 1.034248
132.5 1.013608
135.0 1.05144
137.5 0.982768
140.0 1.02172
142.5 0.987008
145.0 0.459448
147.5 2.2116
150.0 2.090984
152.5 2.1838
155.0 2.185304
157.5 2.201704
157.5 9.387944
160.0 9.121936
162.5 8.92212
165.0 9.074928
167.5 9.596424
170.0 0.882376
172.5 0.818128
175.0 0.838824
177.5 0.884144
180.0 0.86284
182.5 0.860496
185.0 0.874776
187.5 0.367256
190.0 0.344112
192.5 0.33312
195.0 0.373168
197.5 0.367072
200.0 0.336904
202.5 0.365416
205.0 0.365904
207.5 0.360792
210.0 0.362312
212.5 0.367
215.0 0.409304
217.5 0.406104
220.0 0.416912
222.5 0.415288
225.0 0.417128
227.5 0.406872
230.0 0.413592
232.5 0.405632
235.0 0.402376
237.5 0.413136
240.0 0.420976
242.5 0.406784
245.0 0.880992
247.5 0.882584
250.0 0.889312
252.5 0.909976
255.0 0.864696
257.5 0.904984
260.0 0.871496
262.5 0.90468
265.0 0.88952
267.5 0.899808
270.0 0.860592
272.5 0.862944
275.0 0.724624
277.5 0.251584
280.0 0.921336
282.5 1.004384
285.0 0.976608
287.5 0.985736
290.0 1.015424
292.5 0.96656
295.0 0.903624
297.5 0.899232
300.0 0.843096
302.5 0.969344
305.0 0.96756
307.5 0.882576
310.0 0.996376
312.5 0.954152
315.0 0.620376
