0 0.715336
2.5 0.931912
5.0 0.919832
7.5 0.92656
10.0 0.931672
12.5 0.954264
15.0 0.908608
17.5 0.865928
20.0 0.955816
22.5 0.863648
25.0 2.911704
27.5 2.273768
30.0 3.363776
32.5 2.612384
35.0 3.142528
37.5 2.885704
40.0 2.967704
42.5 3.106528
45.0 2.509776
47.5 2.854456
50.0 2.412872
52.5 3.51916
55.0 5.443184
57.5 3.282256
60.0 4.237552
62.5 5.27488
65.0 5.980168
67.5 6.084424
70.0 4.459304
72.5 5.546816
75.0 5.596928
77.5 5.462208
80.0 5.79352
82.5 5.535552
85.0 1.070256
87.5 1.014856
90.0 1.064048
92.5 1.092944
95.0 1.038408
97.5 1.045624
100.0 1.033152
102.5 1.075176
105.0 0.876016
107.5 0.8776
110.0 1.066648
112.5 5.959712
115.0 5.909128
117.5 6.144088
120.0 6.092936
122.5 1.644472
125.0 1.62184
127.5 1.460504
130.0 1.2006
132.5 1.643704
135.0 1.710592
137.5 0.983824
140.0 0.972872
142.5 0.97508
145.0 1.020288
147.5 1.01584
150.0 1.006208
152.5 0.9896
155.0 0.978856
157.5 0.971
157.5 7.339816
160.0 6.419488
162.5 8.108992
165.0 1.958232
167.5 8.793008
170.0 2.4292
172.5 8.168256
175.0 7.31412
177.5 7.370248
180.0 2.673056
182.5 1.905728
185.0 2.033064
187.5 0.36408
190.0 0.3508
192.5 0.364304
195.0 0.361952
197.5 0.360104
200.0 0.364536
202.5 0.360744
205.0 0.364856
207.5 0.35756
210.0 0.353544
212.5 0.363752
215.0 0.351888
217.5 0.385568
220.0 0.369968
222.5 0.386728
225.0 0.389152
227.5 0.386512
230.0 0.383928
232.5 0.390704
235.0 0.382192
237.5 0.379056
240.0 0.387824
242.5 0.382352
245.0 0.376752
247.5 0.348392
250.0 0.305256
252.5 0.341808
255.0 0.331136
257.5 0.330904
260.0 0.348712
262.5 1.115312
265.0 7.39992
267.5 8.525736
270.0 6.369952
272.5 6.4882
275.0 6.577464
277.5 6.532488
280.0 6.687576
282.5 6.50744
285.0 6.578416
287.5 6.706968
290.0 7.421736
292.5 7.861336
295.0 6.488456
297.5 7.376112
300.0 7.51072
302.5 7.670736
305.0 7.932768
307.5 7.639
310.0 6.472688
312.5 7.106544
315.0 7.719352
