0 6.219096
2.5 7.588264
5.0 9.087984
7.5 7.355912
10.0 9.157336
12.5 8.493064
15.0 8.885504
17.5 7.930288
20.0 7.22104
22.5 5.230608
25.0 4.82896
27.5 0.29572
30.0 0.345632
32.5 0.348304
35.0 0.340424
37.5 6.184112
40.0 6.448304
42.5 4.309088
45.0 6.547736
47.5 1.170808
50.0 1.163008
52.5 1.12992
55.0 1.093136
57.5 1.145152
60.0 0.554912
62.5 0.813672
65.0 1.896904
67.5 2.196504
70.0 2.138424
72.5 2.132656
75.0 2.100832
77.5 2.132152
80.0 2.168248
82.5 2.207744
85.0 1.618288
87.5 2.065704
90.0 1.833632
92.5 2.093376
95.0 3.964552
97.5 3.94344
100.0 3.91872
102.5 3.42164
105.0 3.961592
107.5 3.772256
110.0 3.29104
112.5 3.452872
115.0 3.605856
117.5 3.565632
120.0 3.903288
122.5 3.958032
125.0 0.963528
127.5 2.642104
130.0 3.147048
132.5 3.008216
135.0 2.625784
137.5 2.222584
140.0 2.75528
142.5 3.142744
145.0 2.549272
147.5 2.700464
150.0 3.152544
152.5 2.899752
155.0 2.579704
157.5 0.405208
157.5 9.046368
160.0 9.3016
162.5 8.109272
165.0 9.043216
167.5 9.020264
170.0 8.500672
172.5 7.944
175.0 9.197808
177.5 8.982568
180.0 9.804024
182.5 8.360976
185.0 9.729248
187.5 3.014792
190.0 4.58316
192.5 4.512912
195.0 2.880392
197.5 3.956872
200.0 3.429312
202.5 3.469032
205.0 3.867416
207.5 4.613216
210.0 4.380664
212.5 3.715048
215.0 3.866544
217.5 0.335248
220.0 0.34356
222.5 0.329024
225.0 0.393216
227.5 0.381872
230.0 0.399032
232.5 0.393928
235.0 0.392488
237.5 0.39332
240.0 0.388944
242.5 0.391216
245.0 0.391152
247.5 0.354472
250.0 0.342624
252.5 0.36968
255.0 0.366416
257.5 0.37184
260.0 0.369368
262.5 0.362432
265.0 0.365048
267.5 0.364384
270.0 0.368592
272.5 0.363992
275.0 0.203336
277.5 0.209584
280.0 0.203984
282.5 0.209232
285.0 0.208432
287.5 0.2098
290.0 0.20712
292.5 0.208496
295.0 0.201928
297.5 0.210376
300.0 0.511528
302.5 0.86352
305.0 0.869584
307.5 0.630888
310.0 0.779312
312.5 0.8046
315.0 0.868904
