0 9.05708
2.5 8.829984
5.0 8.003024
7.5 8.961416
10.0 0.900328
12.5 0.906168
15.0 0.899192
17.5 0.9086
20.0 0.910848
22.5 0.871384
25.0 0.935528
27.5 0.916288
30.0 0.993664
32.5 0.973536
35.0 0.957208
37.5 0.989792
40.0 0.912064
42.5 0.991776
45.0 0.955128
47.5 0.852448
50.0 0.963824
52.5 0.931336
55.0 7.109976
57.5 6.792344
60.0 7.115872
62.5 6.9228
65.0 7.194088
67.5 1.473144
70.0 1.404176
72.5 1.399912
75.0 6.177776
77.5 8.857248
80.0 7.772968
82.5 8.844208
85.0 8.865496
87.5 8.889976
90.0 8.829432
92.5 8.880176
95.0 8.846216
97.5 7.949672
100.0 8.922696
102.5 8.899344
105.0 6.034928
107.5 8.117624
110.0 5.886064
112.5 7.592728
115.0 7.811096
117.5 0.952504
120.0 0.929928
122.5 0.927768
125.0 0.935976
127.5 0.916576
130.0 0.921208
132.5 0.94544
135.0 0.2422
137.5 0.239368
140.0 0.257088
142.5 0.24156
145.0 0.243112
147.5 0.248088
150.0 0.248968
152.5 0.241688
155.0 0.236192
157.5 0.244328
157.5 7.13008
160.0 6.084288
162.5 7.055392
165.0 7.275224
167.5 6.8784
170.0 8.490432
172.5 8.598056
175.0 8.587048
177.5 8.462008
180.0 8.633864
182.5 8.62212
185.0 8.72508
187.5 3.813544
190.0 3.86916
192.5 4.348024
195.0 3.927104
197.5 4.2132
200.0 3.91168
202.5 4.496608
205.0 8.608776
207.5 7.68088
210.0 0.90772
212.5 0.888064
215.0 0.911936
217.5 0.921072
220.0 0.866112
222.5 0.896712
225.0 0.892768
227.5 0.794576
230.0 1.930976
232.5 1.90952
235.0 1.934336
237.5 1.936632
240.0 1.930984
242.5 1.929792
245.0 1.930064
247.5 1.9314
250.0 1.937504
252.5 1.936872
255.0 1.943352
257.5 1.576696
260.0 7.3234
262.5 5.690288
265.0 6.157088
267.5 5.997032
270.0 1.073696
272.5 1.122456
275.0 1.049104
277.5 1.059352
280.0 1.05236
282.5 1.081456
285.0 0.783784
287.5 1.214864
290.0 0.54124
292.5 0.854184
295.0 0.70628
297.5 1.294448
300.0 0.586128
302.5 0.59724
305.0 0.594008
307.5 0.591656
310.0 0.588928
312.5 0.59788
315.0 0.597552
