0 0.353648
2.5 0.374512
5.0 0.388184
7.5 0.375616
10.0 0.386408
12.5 0.371824
15.0 0.370416
17.5 0.367296
20.0 0.383608
22.5 0.378176
25.0 0.371304
27.5 0.373992
30.0 7.789696
32.5 8.452504
35.0 6.222208
37.5 8.286296
40.0 8.437312
42.5 8.769248
45.0 8.422856
47.5 8.245336
50.0 8.603152
52.5 8.185744
55.0 3.37952
57.5 5.186024
60.0 8.979392
62.5 8.45836
65.0 9.056944
67.5 8.770664
70.0 0.864928
72.5 0.830512
75.0 0.851128
77.5 0.848352
80.0 0.824256
82.5 0.827208
85.0 0.8508
87.5 3.460304
90.0 3.541632
92.5 4.208792
95.0 3.959192
97.5 4.154864
100.0 4.488264
102.5 4.252736
105.0 5.418256
107.5 5.384376
110.0 3.88824
112.5 5.517696
115.0 3.805048
117.5 0.701904
120.0 0.797848
122.5 0.787032
125.0 0.838224
127.5 0.779336
130.0 0.796456
132.5 0.725712
135.0 0.753776
137.5 0.736456
140.0 0.792848
142.5 0.35604
145.0 0.352184
147.5 0.360496
150.0 0.35488
152.5 0.3616
155.0 0.357608
157.5 0.353616
157.5 0.337152
160.0 0.374184
162.5 0.37708
165.0 0.378424
167.5 0.379112
170.0 0.36664
172.5 0.35656
175.0 0.359064
177.5 0.2574
180.0 0.258296
182.5 0.26432
185.0 0.272112
187.5 0.269
190.0 0.273592
192.5 0.270968
195.0 0.366064
197.5 0.365632
200.0 0.372288
202.5 0.366544
205.0 0.366112
207.5 0.372384
210.0 0.36412
212.5 0.369608
215.0 0.36784
217.5 0.364752
220.0 0.363576
222.5 5.466392
225.0 6.66916
227.5 6.83884
230.0 5.62716
232.5 6.968616
235.0 6.524176
237.5 6.863752
240.0 7.151376
242.5 5.42168
245.0 0.989448
247.5 0.991024
250.0 0.976792
252.5 1.009656
255.0 1.044072
257.5 1.043448
260.0 1.013856
262.5 1.043728
265.0 0.984736
267.5 1.02404
270.0 1.005584
272.5 1.00364
275.0 1.021792
277.5 1.009536
280.0 0.839288
282.5 0.977144
285.0 1.009248
287.5 1.028904
290.0 1.01232
292.5 0.968736
295.0 1.000648
297.5 0.94796
300.0 0.988304
302.5 1.00064
305.0 6.124288
307.5 9.924672
310.0 9.4618
312.5 9.85544
315.0 1.32016
