0 0.333472
2.5 0.326376
5.0 0.34056
7.5 0.338032
10.0 0.341368
12.5 0.33912
15.0 0.34428
17.5 0.338192
20.0 0.339
22.5 0.288232
25.0 0.280016
27.5 0.955912
30.0 1.00084
32.5 1.023544
35.0 1.034624
37.5 0.990744
40.0 0.99248
42.5 0.978776
45.0 0.980792
47.5 0.988608
50.0 0.991384
52.5 1.037088
55.0 0.941808
57.5 0.33248
60.0 0.332472
62.5 0.33344
65.0 0.33644
67.5 0.334864
70.0 0.335088
72.5 0.33008
75.0 0.335992
77.5 0.326968
80.0 0.330728
82.5 0.33236
85.0 0.323936
87.5 2.117992
90.0 2.048672
92.5 2.216896
95.0 2.485568
97.5 2.530632
100.0 2.603984
102.5 2.117496
105.0 2.545456
107.5 2.468608
110.0 2.3502
112.5 2.670056
115.0 2.129056
117.5 0.388976
120.0 0.377784
122.5 0.391616
125.0 0.390696
127.5 0.39056
130.0 0.388448
132.5 0.385872
135.0 0.392064
137.5 0.390056
140.0 0.366304
142.5 0.39408
145.0 0.387768
147.5 0.325024
150.0 0.326768
152.5 0.261952
155.0 0.327576
157.5 0.322504
157.5 2.719144
160.0 2.7232
162.5 2.26956
165.0 2.496776
167.5 2.212864
170.0 2.416776
172.5 2.373528
175.0 2.788312
177.5 2.45344
180.0 2.685688
182.5 2.785352
185.0 0.328688
187.5 0.335752
190.0 0.332392
192.5 0.335328
195.0 0.332704
197.5 0.334432
200.0 0.313816
202.5 0.333192
205.0 0.330176
207.5 0.32312
210.0 0.320088
212.5 0.332792
215.0 7.059784
217.5 6.781784
220.0 6.919552
222.5 6.566584
225.0 1.2574
227.5 1.2212
230.0 1.238008
232.5 1.243736
235.0 1.196552
237.5 1.226664
240.0 1.18992
242.5 0.991312
245.0 1.0736
247.5 1.078208
250.0 1.044528
252.5 1.06296
255.0 1.071744
257.5 1.03916
260.0 1.048392
262.5 1.050008
265.0 0.356432
267.5 0.376544
270.0 0.375536
272.5 0.382392
275.0 0.375712
277.5 0.37792
280.0 0.373856
282.5 0.378704
285.0 0.376856
287.5 0.367272
290.0 5.553328
292.5 5.7266
295.0 5.115736
297.5 7.956928
300.0 9.733504
302.5 9.208512
305.0 9.243624
307.5 8.60536
310.0 4.74532
312.5 3.775816
315.0 4.445864
