0 6.270208
2.5 8.78368
5.0 5.927552
7.5 9.777824
10.0 6.434968
12.5 6.292416
15.0 7.516368
17.5 9.80012
20.0 5.337096
22.5 4.905608
25.0 6.447672
27.5 5.165512
30.0 6.494608
32.5 5.397096
35.0 5.351688
37.5 4.66436
40.0 5.113016
42.5 4.201288
45.0 6.48076
47.5 6.43364
50.0 0.309608
52.5 0.352432
55.0 0.353264
57.5 0.3424
60.0 0.33936
62.5 0.33828
65.0 0.340848
67.5 0.265992
70.0 0.326968
72.5 0.33588
75.0 0.342136
77.5 0.335528
80.0 1.913488
82.5 1.977928
85.0 1.948792
87.5 1.89228
90.0 6.802656
92.5 7.684792
95.0 7.476232
97.5 1.324216
100.0 1.325568
102.5 1.348944
105.0 1.257144
107.5 1.311528
110.0 1.271544
112.5 0.368368
115.0 0.364048
117.5 0.368784
120.0 0.372648
122.5 0.365608
125.0 0.373912
127.5 0.37232
130.0 0.373456
132.5 0.366944
135.0 0.373544
137.5 0.371144
140.0 0.350344
142.5 0.265984
145.0 0.264888
147.5 0.292144
150.0 0.297568
152.5 0.308976
155.0 0.26172
157.5 0.292856
157.5 4.703136
160.0 0.890976
162.5 0.850632
165.0 0.848104
167.5 0.892984
170.0 0.865512
172.5 0.833032
175.0 0.348392
177.5 0.305256
180.0 0.341808
182.5 0.331136
185.0 0.330904
187.5 0.348712
190.0 1.084032
192.5 1.088128
195.0 1.0544
197.5 1.026048
200.0 1.059952
202.5 1.063728
205.0 1.082984
207.5 1.092312
210.0 1.044056
212.5 1.089768
215.0 0.963936
217.5 1.031784
220.0 0.921536
222.5 0.831832
225.0 0.912408
227.5 0.895424
230.0 0.921888
232.5 0.921776
235.0 0.9344
237.5 0.835936
240.0 0.875728
242.5 0.857408
245.0 0.873096
247.5 0.626688
250.0 0.898232
252.5 0.756984
255.0 0.853496
257.5 0.821624
260.0 0.855928
262.5 0.846048
265.0 0.855872
267.5 0.858392
270.0 0.89852
272.5 0.909832
275.0 2.416472
277.5 2.49728
280.0 2.811824
282.5 2.910736
285.0 2.102816
287.5 2.90704
290.0 2.905008
292.5 2.87996
295.0 2.900424
297.5 2.481928
300.0 2.900888
302.5 2.414816
305.0 7.275992
307.5 7.506128
310.0 7.38472
312.5 7.028192
315.0 7.136672
