0 0.372104
2.5 0.374728
5.0 0.370896
7.5 0.37184
10.0 0.376872
12.5 0.364512
15.0 0.360336
17.5 0.381144
20.0 0.378288
22.5 0.365864
25.0 0.367104
27.5 1.008264
30.0 0.99184
32.5 1.051216
35.0 1.007224
37.5 1.045536
40.0 1.043008
42.5 1.00908
45.0 1.010368
47.5 0.938024
50.0 1.009816
52.5 0.9346
55.0 1.026896
57.5 6.823288
60.0 8.794944
62.5 8.643792
65.0 6.176344
67.5 7.171808
70.0 1.11492
72.5 1.124176
75.0 1.106856
77.5 1.105112
80.0 1.118264
82.5 1.044024
85.0 1.099512
87.5 0.39224
90.0 0.392032
92.5 0.397544
95.0 0.374224
97.5 0.389352
100.0 0.3904
102.5 7.345496
105.0 5.802784
107.5 6.612024
110.0 6.791584
112.5 6.497672
115.0 4.97328
117.5 7.85072
120.0 6.374432
122.5 0.238984
125.0 0.253472
127.5 0.246032
130.0 0.25228
132.5 0.247104
135.0 0.247928
137.5 0.248624
140.0 7.683512
142.5 7.363192
145.0 7.576304
147.5 7.870656
150.0 1.246504
152.5 1.290192
155.0 1.250832
157.5 1.284256
157.5 3.372736
160.0 4.44932
162.5 4.519752
165.0 4.477144
167.5 4.4584
170.0 4.395072
172.5 4.487216
175.0 4.42464
177.5 4.41732
180.0 4.473344
182.5 4.470448
185.0 1.708304
187.5 1.520776
190.0 1.363048
192.5 1.811192
195.0 1.17776
197.5 1.189312
200.0 1.646544
202.5 1.64196
205.0 1.742336
207.5 1.78144
210.0 1.718432
212.5 1.714856
215.0 0.827976
217.5 0.978784
220.0 0.99764
222.5 0.946032
225.0 0.997504
227.5 0.956952
230.0 0.957288
232.5 0.979072
235.0 0.93572
237.5 0.975608
240.0 0.985128
242.5 0.950344
245.0 0.353304
247.5 0.350392
250.0 0.350152
252.5 0.344528
255.0 0.357496
257.5 0.35372
260.0 0.35384
262.5 0.351368
265.0 0.360504
267.5 0.36872
270.0 0.359096
272.5 0.358376
275.0 0.932648
277.5 0.975192
280.0 0.970776
282.5 0.9228
285.0 1.00716
287.5 0.961904
290.0 0.98752
292.5 1.008728
295.0 0.936248
297.5 0.94968
300.0 0.928296
302.5 0.687712
305.0 9.981712
307.5 8.953296
310.0 9.261792
312.5 9.511512
315.0 9.316752
