0 0.3364
2.5 0.335672
5.0 0.33384
7.5 0.327312
10.0 0.335592
12.5 0.335168
15.0 0.3422
17.5 0.33284
20.0 0.308
22.5 0.336416
25.0 0.311336
27.5 1.039808
30.0 1.02352
32.5 1.027816
35.0 1.02924
37.5 1.002176
40.0 0.984928
42.5 1.022104
45.0 1.022944
47.5 0.949832
50.0 1.012912
52.5 0.999296
55.0 1.038552
57.5 0.823272
60.0 0.628272
62.5 0.792664
65.0 0.882568
67.5 0.87324
70.0 0.876592
72.5 0.837288
75.0 0.88932
77.5 0.826328
80.0 0.858944
82.5 0.898104
85.0 0.853976
87.5 0.326024
90.0 0.309064
92.5 0.330544
95.0 0.3296
97.5 0.32708
100.0 0.329
102.5 0.322248
105.0 0.329016
107.5 0.328928
110.0 0.327224
112.5 0.330408
115.0 0.321888
117.5 0.358056
120.0 0.34908
122.5 0.356496
125.0 0.352896
127.5 0.357976
130.0 0.352352
132.5 0.362024
135.0 0.333912
137.5 0.359672
140.0 0.352976
142.5 0.355648
145.0 7.35108
147.5 7.840256
150.0 7.775088
152.5 7.735976
155.0 6.730944
157.5 7.794536
157.5 8.615712
160.0 7.444128
162.5 7.548488
165.0 7.491368
167.5 7.874568
170.0 7.667592
172.5 7.546944
175.0 7.4986
177.5 7.381376
180.0 8.734152
182.5 7.822984
185.0 0.799032
187.5 0.807656
190.0 0.8066
192.5 0.805584
195.0 0.805416
197.5 0.8052
200.0 0.805056
202.5 0.803896
205.0 0.806024
207.5 0.800032
210.0 0.803824
212.5 0.804064
215.0 0.963272
217.5 0.944176
220.0 0.983072
222.5 0.897696
225.0 1.01708
227.5 0.79684
230.0 0.863352
232.5 1.01476
235.0 0.936312
237.5 1.022688
240.0 0.604504
242.5 0.596256
245.0 0.563288
247.5 0.600904
250.0 0.600424
252.5 0.477944
255.0 0.345808
257.5 0.472976
260.0 0.462272
262.5 0.482632
265.0 0.481976
267.5 0.479288
270.0 0.314968
272.5 0.319632
275.0 0.319904
277.5 0.333744
280.0 0.3354
282.5 0.375432
285.0 0.329888
287.5 0.3652
290.0 0.352888
292.5 0.3498
295.0 0.367608
297.5 0.344544
300.0 0.284648
302.5 0.2844
305.0 0.279128
307.5 0.328
310.0 0.326096
312.5 0.33156
315.0 0.328944
