0 0.405712
2.5 0.405928
5.0 0.401864
7.5 0.400056
10.0 0.38092
12.5 0.404704
15.0 0.4056
17.5 0.40628
20.0 0.40796
22.5 0.4066
25.0 0.399336
27.5 0.395256
30.0 8.27432
32.5 8.427472
35.0 5.192368
37.5 8.372224
40.0 6.36008
42.5 8.385848
45.0 8.321944
47.5 6.946688
50.0 6.647896
52.5 8.181224
55.0 5.771536
57.5 8.438824
60.0 7.507656
62.5 6.62864
65.0 6.980024
67.5 7.032768
70.0 0.327624
72.5 0.80576
75.0 0.826976
77.5 0.872296
80.0 0.887384
82.5 0.897992
85.0 0.833792
87.5 0.796632
90.0 0.828536
92.5 0.814704
95.0 0.844696
97.5 0.824368
100.0 0.832688
102.5 1.042256
105.0 0.967048
107.5 0.99552
110.0 1.00136
112.5 1.05792
115.0 0.98572
117.5 1.005416
120.0 0.955128
122.5 0.992744
125.0 1.034584
127.5 3.999288
130.0 3.413136
132.5 4.678272
135.0 4.663248
137.5 4.09436
140.0 4.789776
142.5 4.667616
145.0 4.750248
147.5 4.61936
150.0 4.579216
152.5 3.987184
155.0 3.978152
157.5 2.995648
157.5 0.345008
160.0 0.248104
162.5 0.340544
165.0 0.343256
167.5 0.3206
170.0 0.318536
172.5 0.347296
175.0 0.332176
177.5 0.338112
180.0 0.333376
182.5 0.344488
185.0 0.344408
187.5 0.282576
190.0 0.286312
192.5 0.264128
195.0 0.284184
197.5 0.28224
200.0 0.27892
202.5 0.284224
205.0 0.283304
207.5 0.28232
210.0 0.28068
212.5 0.271216
215.0 9.071488
217.5 7.735824
220.0 9.062928
222.5 6.929536
225.0 8.75528
227.5 1.392552
230.0 1.39748
232.5 1.336432
235.0 1.39836
237.5 1.417232
240.0 1.22604
242.5 1.372128
245.0 6.877104
247.5 5.43232
250.0 7.097888
252.5 6.89236
255.0 6.915008
257.5 7.279968
260.0 6.885104
262.5 5.742272
265.0 5.165112
267.5 6.569656
270.0 7.691688
272.5 6.179808
275.0 6.825144
277.5 7.020592
280.0 7.216256
282.5 7.270432
285.0 7.289576
287.5 1.286936
290.0 1.261448
292.5 1.265944
295.0 1.276128
297.5 1.28764
300.0 1.296208
302.5 3.236088
305.0 3.207544
307.5 3.462776
310.0 1.923992
312.5 0.768952
315.0 0.740832
