0 0.977696
2.5 1.003984
5.0 0.997912
7.5 0.954168
10.0 1.034984
12.5 0.986768
15.0 1.014776
17.5 0.94168
20.0 0.9354
22.5 0.94108
25.0 0.813144
27.5 0.997384
30.0 8.135328
32.5 7.520744
35.0 5.588976
37.5 7.609576
40.0 7.776008
42.5 7.279456
45.0 8.774952
47.5 7.52884
50.0 9.976504
52.5 9.216488
55.0 7.782936
57.5 9.344096
60.0 8.462336
62.5 8.886472
65.0 9.18988
67.5 0.864136
70.0 0.768448
72.5 0.855296
75.0 0.848896
77.5 0.870224
80.0 0.857536
82.5 0.86388
85.0 0.382224
87.5 0.372408
90.0 0.378768
92.5 0.388672
95.0 0.388648
97.5 0.377104
100.0 0.388808
102.5 0.3876
105.0 0.379688
107.5 0.384472
110.0 0.38368
112.5 0.365872
115.0 0.36268
117.5 0.3672
120.0 0.369552
122.5 0.368352
125.0 0.365432
127.5 0.368624
130.0 0.368
132.5 0.36256
135.0 0.369408
137.5 0.366016
140.0 0.362232
142.5 8.997496
145.0 9.122864
147.5 9.59704
150.0 0.89056
152.5 0.876032
155.0 0.842072
157.5 0.878984
157.5 0.606232
160.0 0.702768
162.5 0.677152
165.0 0.32508
167.5 0.692872
170.0 0.705024
172.5 0.67952
175.0 0.700168
177.5 0.341976
180.0 0.340504
182.5 0.339848
185.0 0.342904
187.5 0.342992
190.0 0.327208
192.5 0.340344
195.0 0.34112
197.5 0.33936
200.0 0.343432
202.5 0.337776
205.0 0.330312
207.5 0.355704
210.0 0.300592
212.5 0.36168
215.0 0.364528
217.5 0.360984
220.0 0.363336
222.5 0.361272
225.0 0.350984
227.5 0.359256
230.0 0.358296
232.5 0.352488
235.0 6.254224
237.5 4.400496
240.0 5.933808
242.5 6.24972
245.0 6.331456
247.5 1.74632
250.0 1.648896
252.5 1.75804
255.0 1.777224
257.5 1.64572
260.0 0.894976
262.5 0.914752
265.0 0.97436
267.5 0.896784
270.0 0.970096
272.5 0.920832
275.0 0.996544
277.5 0.932104
280.0 0.901104
282.5 0.898152
285.0 0.979344
287.5 0.879704
290.0 1.653976
292.5 1.560936
295.0 1.725968
297.5 1.690328
300.0 0.283312
302.5 0.279456
305.0 0.331704
307.5 0.329384
310.0 0.326608
312.5 0.324976
315.0 0.330448
