0 0.292856
2.5 0.347272
5.0 0.34944
7.5 0.348624
10.0 0.358648
12.5 0.353584
15.0 0.346088
17.5 0.347672
20.0 0.342848
22.5 0.330112
25.0 0.342032
27.5 0.337344
30.0 0.340504
32.5 0.33868
35.0 0.348136
37.5 0.341328
40.0 0.33876
42.5 0.33868
45.0 0.342096
47.5 0.324264
50.0 0.345904
52.5 1.358064
55.0 1.334456
57.5 1.355016
60.0 1.35884
62.5 1.360744
65.0 1.332656
67.5 1.337192
70.0 1.357704
72.5 1.339696
75.0 1.327712
77.5 1.306664
80.0 1.330856
82.5 9.10796
85.0 9.17028
87.5 9.176096
90.0 8.933584
92.5 0.617104
95.0 0.949304
97.5 1.159072
100.0 0.961064
102.5 1.120816
105.0 1.070464
107.5 1.166256
110.0 1.156264
112.5 1.148672
115.0 0.905488
117.5 0.699912
120.0 7.1296
122.5 8.173376
125.0 3.526032
127.5 8.7392
130.0 0.922944
132.5 0.925256
135.0 0.934456
137.5 0.914816
140.0 0.934312
142.5 0.910416
145.0 0.933968
147.5 1.072032
150.0 0.8948
152.5 1.106256
155.0 1.073968
157.5 1.084824
157.5 6.211024
160.0 6.176328
162.5 6.228304
165.0 6.014496
167.5 6.890496
170.0 6.621768
172.5 7.539384
175.0 5.222064
177.5 6.0758
180.0 7.000136
182.5 6.114128
185.0 3.916336
187.5 3.887616
190.0 3.82204
192.5 3.98288
195.0 3.91372
197.5 2.867696
200.0 3.874928
202.5 3.830576
205.0 3.814704
207.5 3.905816
210.0 3.822152
212.5 3.931904
215.0 0.31228
217.5 0.307576
220.0 0.372616
222.5 0.366336
225.0 0.373296
227.5 0.36592
230.0 0.370424
232.5 0.367056
235.0 0.370896
237.5 0.37456
240.0 0.37032
242.5 0.361912
245.0 9.452136
247.5 9.283576
250.0 9.48736
252.5 9.547504
255.0 9.466904
257.5 8.05004
260.0 7.957992
262.5 7.972496
265.0 3.658928
267.5 7.850912
270.0 7.82044
272.5 0.92552
275.0 0.9802
277.5 0.954944
280.0 0.982168
282.5 0.963616
285.0 0.913416
287.5 0.928528
290.0 0.942136
292.5 0.936424
295.0 0.94504
297.5 0.94168
300.0 3.835928
302.5 4.705224
305.0 4.093568
307.5 4.259568
310.0 4.461872
312.5 4.23708
315.0 3.576592
