0 0.420288
2.5 0.352312
5.0 0.497624
7.5 0.921488
10.0 0.964648
12.5 0.924912
15.0 0.822176
17.5 0.896296
20.0 0.90928
22.5 0.685728
25.0 0.458688
27.5 0.433352
30.0 5.337096
32.5 4.905608
35.0 6.447672
37.5 5.165512
40.0 6.494608
42.5 5.397096
45.0 5.351688
47.5 4.66436
50.0 5.113016
52.5 4.201288
55.0 6.48076
57.5 6.43364
60.0 0.918712
62.5 0.938384
65.0 0.904696
67.5 0.943784
70.0 0.907496
72.5 0.964464
75.0 0.920296
77.5 0.857712
80.0 0.8548
82.5 0.945632
85.0 0.931496
87.5 0.784944
90.0 9.398952
92.5 5.965592
95.0 6.177216
97.5 0.94512
100.0 0.93608
102.5 0.741216
105.0 0.983496
107.5 0.944664
110.0 0.950216
112.5 0.952312
115.0 0.960456
117.5 0.983384
120.0 0.914208
122.5 0.93972
125.0 1.000304
127.5 0.947976
130.0 0.936776
132.5 0.980568
135.0 0.992688
137.5 0.96128
140.0 0.979584
142.5 0.978592
145.0 0.960536
147.5 0.969672
150.0 8.681504
152.5 0.981672
155.0 0.950376
157.5 0.95956
157.5 0.4938
160.0 0.46964
162.5 0.485232
165.0 0.269792
167.5 0.272008
170.0 0.537152
172.5 0.452584
175.0 0.462864
177.5 4.0558
180.0 3.736144
182.5 4.228136
185.0 4.163016
187.5 4.157368
190.0 3.870496
192.5 4.263384
195.0 3.899528
197.5 3.808368
200.0 4.171832
202.5 4.056672
205.0 0.833208
207.5 0.842992
210.0 0.845568
212.5 0.847608
215.0 0.843
217.5 0.500296
220.0 0.8444
222.5 0.844408
225.0 0.826568
227.5 0.835928
230.0 0.967344
232.5 0.923296
235.0 0.984432
237.5 0.92716
240.0 0.921552
242.5 0.913264
245.0 0.933624
247.5 0.900504
250.0 0.926712
252.5 0.96596
255.0 0.964056
257.5 8.76428
260.0 8.449784
262.5 8.64396
265.0 6.932144
267.5 8.76332
270.0 9.191848
272.5 8.395024
275.0 8.381392
277.5 8.45964
280.0 7.644696
282.5 8.264184
285.0 7.987224
287.5 0.208328
290.0 0.212968
292.5 0.208488
295.0 0.212232
297.5 0.215088
300.0 0.204104
302.5 0.238984
305.0 0.253472
307.5 0.246032
310.0 0.25228
312.5 0.247104
315.0 0.247928
