0 0.534216
2.5 0.771704
5.0 0.481416
7.5 0.910184
10.0 0.567592
12.5 0.804984
15.0 1.052912
17.5 1.023392
20.0 0.539256
22.5 0.755296
25.0 0.838088
27.5 1.040712
30.0 1.040264
32.5 1.0398
35.0 1.061176
37.5 1.023776
40.0 1.036304
42.5 0.941472
45.0 1.03864
47.5 1.063256
50.0 1.012848
52.5 0.23528
55.0 0.23484
57.5 0.248624
60.0 0.236632
62.5 0.245328
65.0 0.240768
67.5 0.23508
70.0 0.226976
72.5 0.242832
75.0 0.240576
77.5 0.241088
80.0 0.34436
82.5 0.3618
85.0 0.337904
87.5 0.354288
90.0 0.3562
92.5 0.354928
95.0 0.357472
97.5 0.356816
100.0 0.357112
102.5 0.324736
105.0 0.35452
107.5 0.348248
110.0 0.885
112.5 0.995048
115.0 0.985848
117.5 0.986744
120.0 0.977128
122.5 0.917032
125.0 0.911328
127.5 0.956752
130.0 0.932392
132.5 0.802048
135.0 0.95552
137.5 0.972072
140.0 8.861248
142.5 8.8214
145.0 9.19484
147.5 9.222432
150.0 9.355176
152.5 0.904064
155.0 0.896256
157.5 0.873368
157.5 7.416744
160.0 7.41004
162.5 7.52348
165.0 1.284056
167.5 1.29452
170.0 1.242976
172.5 1.268672
175.0 1.240424
177.5 1.254976
180.0 1.273824
182.5 1.28024
185.0 0.558488
187.5 0.9438
190.0 0.929984
192.5 0.947432
195.0 0.9482
197.5 0.978584
200.0 0.869064
202.5 0.881744
205.0 0.914
207.5 0.884296
210.0 0.822568
212.5 0.936528
215.0 8.10332
217.5 8.301256
220.0 7.549064
222.5 9.137328
225.0 7.491824
227.5 8.849304
230.0 7.753728
232.5 5.176128
235.0 9.090624
237.5 8.645376
240.0 9.33504
242.5 5.862312
245.0 0.389784
247.5 0.38372
250.0 0.391576
252.5 0.396536
255.0 0.398912
257.5 0.394088
260.0 0.390176
262.5 0.395264
265.0 0.400616
267.5 0.39864
270.0 0.343496
272.5 9.94676
275.0 7.150704
277.5 9.869832
280.0 9.924488
282.5 1.320944
285.0 1.32036
287.5 1.31044
290.0 1.332256
292.5 1.355912
295.0 1.263928
297.5 1.300216
300.0 1.25816
302.5 1.757408
305.0 4.36412
307.5 1.567984
310.0 4.154096
312.5 4.660216
315.0 1.992016
