0 2.0146
2.5 1.82512
5.0 2.00676
7.5 2.059168
10.0 2.068112
12.5 2.054344
15.0 0.707896
17.5 0.695992
20.0 0.685712
22.5 0.694648
25.0 0.693536
27.5 0.684584
30.0 0.966976
32.5 0.990368
35.0 1.000152
37.5 0.994704
40.0 0.931984
42.5 1.001928
45.0 0.985304
47.5 0.802952
50.0 0.976208
52.5 0.914472
55.0 1.022552
57.5 3.351024
60.0 3.43732
62.5 3.40724
65.0 3.557504
67.5 1.072488
70.0 1.09444
72.5 1.079368
75.0 1.070512
77.5 1.105912
80.0 0.391416
82.5 1.0698
85.0 4.966912
87.5 6.435824
90.0 7.925448
92.5 5.887512
95.0 5.524296
97.5 7.481584
100.0 8.270416
102.5 9.1044
105.0 1.978816
107.5 7.225504
110.0 9.045872
112.5 5.18064
115.0 7.171192
117.5 7.991392
120.0 7.557392
122.5 0.914904
125.0 0.905688
127.5 0.915944
130.0 0.885296
132.5 0.910944
135.0 0.932624
137.5 0.699416
140.0 5.327528
142.5 5.61032
145.0 5.29848
147.5 5.930248
150.0 5.785384
152.5 5.834584
155.0 4.92644
157.5 6.940352
157.5 0.327024
160.0 0.298872
162.5 0.3362
165.0 0.3374
167.5 0.337504
170.0 0.335568
172.5 0.338456
175.0 0.335936
177.5 0.3306
180.0 0.328048
182.5 0.33868
185.0 0.326656
187.5 2.316136
190.0 6.605336
192.5 5.776904
195.0 2.338584
197.5 2.22552
200.0 5.938552
202.5 2.3796
205.0 5.54444
207.5 2.189
210.0 7.911424
212.5 2.236424
215.0 0.382224
217.5 0.372408
220.0 0.378768
222.5 0.388672
225.0 0.388648
227.5 0.377104
230.0 0.388808
232.5 0.3876
235.0 0.379688
237.5 0.384472
240.0 0.38368
242.5 0.208296
245.0 0.214544
247.5 0.234848
250.0 0.243272
252.5 0.220632
255.0 0.237896
257.5 0.227656
260.0 0.22932
262.5 0.234272
265.0 0.2212
267.5 0.236584
270.0 0.226912
272.5 5.122144
275.0 1.952064
277.5 5.384136
280.0 4.928064
282.5 3.372544
285.0 0.976344
287.5 0.951768
290.0 0.92568
292.5 0.9248
295.0 0.914856
297.5 0.920912
300.0 0.895968
302.5 6.954568
305.0 9.767448
307.5 7.172208
310.0 9.3536
312.5 9.588392
315.0 7.02084
