0 0.913096
2.5 0.9688
5.0 0.955384
7.5 0.938256
10.0 0.88844
12.5 0.937936
15.0 0.953736
17.5 0.761072
20.0 2.323856
22.5 2.359456
25.0 2.24252
27.5 2.366272
30.0 2.362376
32.5 2.328664
35.0 2.238136
37.5 2.25148
40.0 2.23884
42.5 2.359536
45.0 2.317432
47.5 0.984512
50.0 0.953232
52.5 0.98816
55.0 0.937672
57.5 1.013344
60.0 0.986912
62.5 0.862984
65.0 1.022928
67.5 0.966616
70.0 0.982064
72.5 0.984256
75.0 0.948512
77.5 4.903144
80.0 4.623192
82.5 5.600016
85.0 4.687424
87.5 6.700768
90.0 6.69252
92.5 6.761088
95.0 5.346432
97.5 7.479936
100.0 5.668768
102.5 7.158232
105.0 5.5246
107.5 8.825944
110.0 7.298792
112.5 8.442544
115.0 7.828848
117.5 8.492176
120.0 8.99416
122.5 8.37588
125.0 9.864312
127.5 8.360888
130.0 6.766328
132.5 8.411464
135.0 9.043464
137.5 1.036376
140.0 1.081176
142.5 1.062048
145.0 1.032944
147.5 1.0616
150.0 0.84932
152.5 0.996568
155.0 1.078504
157.5 1.075256
157.5 1.088584
160.0 1.060776
162.5 1.094752
165.0 1.060128
167.5 0.891504
170.0 1.120504
172.5 1.055848
175.0 1.0908
177.5 1.103272
180.0 0.300312
182.5 1.044352
185.0 1.127736
187.5 0.80804
190.0 0.748024
192.5 0.93036
195.0 0.916608
197.5 0.927104
200.0 0.908024
202.5 0.887136
205.0 0.851432
207.5 0.875232
210.0 0.790048
212.5 0.84796
215.0 0.875664
217.5 0.5632
220.0 0.512088
222.5 0.592368
225.0 0.563416
227.5 0.57316
230.0 0.482912
232.5 0.580416
235.0 0.581128
237.5 0.562272
240.0 0.516464
242.5 0.457424
245.0 0.57288
247.5 7.380624
250.0 8.365872
252.5 8.544888
255.0 8.651072
257.5 8.686656
260.0 8.602904
262.5 8.507632
265.0 7.29948
267.5 8.533136
270.0 8.438744
272.5 8.81536
275.0 0.824144
277.5 0.78712
280.0 0.816488
282.5 0.821168
285.0 0.837472
287.5 0.809432
290.0 0.847848
292.5 0.858816
295.0 0.819448
297.5 0.77684
300.0 0.90224
302.5 0.844464
305.0 0.881552
307.5 7.380704
310.0 5.838808
312.5 6.969416
315.0 5.958152
