0 7.216632
2.5 5.814472
5.0 5.952248
7.5 7.246256
10.0 6.258584
12.5 0.696864
15.0 0.677184
17.5 0.67348
20.0 0.663688
22.5 0.70204
25.0 0.687968
27.5 5.010728
30.0 1.784072
32.5 4.992648
35.0 4.958528
37.5 5.559072
40.0 0.66384
42.5 0.647688
45.0 0.626384
47.5 0.566672
50.0 0.638488
52.5 0.654624
55.0 0.648824
57.5 2.768648
60.0 1.136416
62.5 4.570032
65.0 2.429624
67.5 3.497104
70.0 2.616112
72.5 3.2824
75.0 4.035272
77.5 3.055304
80.0 4.273072
82.5 2.450952
85.0 2.525176
87.5 3.082096
90.0 2.384032
92.5 3.4248
95.0 3.325712
97.5 3.039824
100.0 2.660704
102.5 2.573984
105.0 3.064624
107.5 2.580104
110.0 3.242376
112.5 0.378208
115.0 0.375344
117.5 0.379656
120.0 0.376592
122.5 0.38344
125.0 0.376544
127.5 0.376856
130.0 0.379312
132.5 0.374592
135.0 0.38068
137.5 0.341184
140.0 0.366816
142.5 0.286568
145.0 0.286112
147.5 0.282888
150.0 0.287848
152.5 0.286872
155.0 0.287096
157.5 0.286952
157.5 6.1464
160.0 6.632816
162.5 6.453928
165.0 6.534224
167.5 6.75204
170.0 6.938976
172.5 6.492928
175.0 6.241088
177.5 0.387072
180.0 0.361712
182.5 0.368744
185.0 0.385568
187.5 0.39752
190.0 0.387688
192.5 0.389144
195.0 0.3846
197.5 0.389864
200.0 0.38136
202.5 0.338712
205.0 0.382024
207.5 0.6566
210.0 0.626904
212.5 0.953168
215.0 0.902712
217.5 0.9512
220.0 0.934064
222.5 0.952104
225.0 0.88788
227.5 0.869496
230.0 0.725912
232.5 0.692128
235.0 0.97748
237.5 4.598056
240.0 4.892992
242.5 6.468328
245.0 4.979456
247.5 6.44356
250.0 4.862608
252.5 5.003776
255.0 6.486592
257.5 5.007744
260.0 5.233168
262.5 6.461752
265.0 6.411408
267.5 0.350688
270.0 0.342216
272.5 0.35344
275.0 0.348592
277.5 0.354768
280.0 0.34912
282.5 0.348088
285.0 0.34744
287.5 0.358392
290.0 0.35472
292.5 0.34528
295.0 0.2566
297.5 0.260528
300.0 0.258024
302.5 0.255112
305.0 0.25444
307.5 0.245992
310.0 0.261856
312.5 0.2458
315.0 0.243968
