0 0.353488
2.5 0.31004
5.0 0.308544
7.5 0.359056
10.0 0.358688
12.5 0.360096
15.0 0.360992
17.5 0.361552
20.0 0.36004
22.5 0.359104
25.0 0.364976
27.5 0.356912
30.0 0.367112
32.5 0.375152
35.0 0.376888
37.5 0.378736
40.0 0.364888
42.5 0.377976
45.0 0.355968
47.5 0.382136
50.0 0.375664
52.5 0.381968
55.0 0.315208
57.5 0.36956
60.0 2.33232
62.5 6.17612
65.0 1.7672
67.5 2.552944
70.0 5.355976
72.5 5.915008
75.0 1.423568
77.5 1.064064
80.0 0.982872
82.5 1.716832
85.0 0.579904
87.5 0.603136
90.0 0.41092
92.5 0.406248
95.0 0.37356
97.5 0.407512
100.0 0.404384
102.5 0.416888
105.0 0.409624
107.5 0.409128
110.0 0.409792
112.5 0.401728
115.0 0.404936
117.5 0.400848
120.0 3.655464
122.5 3.775096
125.0 3.673456
127.5 3.75364
130.0 3.642824
132.5 3.700664
135.0 3.416416
137.5 3.726704
140.0 3.747784
142.5 3.464664
145.0 3.723352
147.5 0.280696
150.0 0.26596
152.5 0.261752
155.0 0.29268
157.5 0.328624
157.5 7.372776
160.0 8.118296
162.5 7.876256
165.0 8.37844
167.5 9.065232
170.0 9.117616
172.5 8.290088
175.0 6.52268
177.5 7.154136
180.0 9.109424
182.5 4.915576
185.0 7.14848
187.5 8.902048
190.0 8.721312
192.5 9.312352
195.0 9.475368
197.5 8.495256
200.0 7.01712
202.5 7.897312
205.0 8.096936
207.5 8.074096
210.0 7.664656
212.5 7.521392
215.0 6.847256
217.5 3.624072
220.0 3.808496
222.5 4.109408
225.0 4.028272
227.5 3.809192
230.0 0.986008
232.5 0.975368
235.0 1.002544
237.5 0.995744
240.0 0.973048
242.5 1.001992
245.0 0.987856
247.5 1.019448
250.0 1.018368
252.5 1.058064
255.0 1.119424
257.5 1.060416
260.0 1.110856
262.5 0.93948
265.0 1.038632
267.5 0.93024
270.0 1.046432
272.5 1.081376
275.0 0.269816
277.5 0.266872
280.0 0.281024
282.5 0.275816
285.0 0.2826
287.5 0.262912
290.0 0.286008
292.5 0.251928
295.0 0.265512
297.5 0.272552
300.0 0.273104
302.5 0.257896
305.0 0.660512
307.5 0.673496
310.0 0.671112
312.5 0.668736
315.0 0.666512
