0 4.351936
2.5 7.949248
5.0 6.496752
7.5 9.17916
10.0 0.893784
12.5 1.018904
15.0 1.003968
17.5 0.965288
20.0 0.99644
22.5 9.32544
25.0 9.038344
27.5 9.037936
30.0 9.223608
32.5 0.793944
35.0 0.758504
37.5 0.773392
40.0 0.8072
42.5 0.776768
45.0 0.792984
47.5 0.373032
50.0 0.356824
52.5 0.343408
55.0 0.398616
57.5 0.297632
60.0 0.391584
62.5 0.3408
65.0 0.360808
67.5 0.352648
70.0 0.335792
72.5 0.338536
75.0 0.898312
77.5 0.869008
80.0 0.907184
82.5 0.856296
85.0 0.876824
87.5 0.858256
90.0 0.876216
92.5 0.880168
95.0 0.870256
97.5 0.752288
100.0 0.841256
102.5 0.887536
105.0 0.983824
107.5 0.972872
110.0 0.97508
112.5 1.020288
115.0 1.01584
117.5 1.006208
120.0 0.9896
122.5 0.978856
125.0 0.971
127.5 0.88208
130.0 0.92696
132.5 0.975544
135.0 0.918624
137.5 0.926624
140.0 0.973552
142.5 0.940944
145.0 1.010184
147.5 0.952848
150.0 0.941928
152.5 0.899632
155.0 0.958512
157.5 1.00744
157.5 4.110888
160.0 3.689024
162.5 5.014256
165.0 3.824552
167.5 3.241208
170.0 3.624744
172.5 3.91432
175.0 2.877504
177.5 3.662584
180.0 3.871704
182.5 3.809624
185.0 3.307008
187.5 4.886312
190.0 1.144472
192.5 1.117592
195.0 7.86984
197.5 9.205136
200.0 8.178664
202.5 8.12944
205.0 8.252064
207.5 8.558192
210.0 5.923544
212.5 9.35552
215.0 7.561312
217.5 9.09088
220.0 6.827768
222.5 3.664168
225.0 4.733856
227.5 4.95636
230.0 4.706824
232.5 4.82396
235.0 5.702016
237.5 4.240808
240.0 4.751256
242.5 1.269336
245.0 1.26096
247.5 1.225568
250.0 1.258824
252.5 1.068912
255.0 1.200472
257.5 1.191632
260.0 1.10484
262.5 1.2992
265.0 1.26156
267.5 1.289248
270.0 0.718016
272.5 0.730856
275.0 0.926768
277.5 0.94612
280.0 0.890256
282.5 0.85216
285.0 0.797008
287.5 0.888504
290.0 0.950496
292.5 0.84296
295.0 0.799872
297.5 0.803672
300.0 0.368176
302.5 0.380576
305.0 0.375912
307.5 0.380824
310.0 3.882496
312.5 3.528192
315.0 2.803616
