0 0.383104
2.5 0.361552
5.0 0.384496
7.5 0.391304
10.0 0.380224
12.5 0.390088
15.0 0.384608
17.5 0.38988
20.0 0.38332
22.5 0.350672
25.0 0.382056
27.5 0.361248
30.0 0.374168
32.5 0.365616
35.0 0.367632
37.5 0.363896
40.0 0.366824
42.5 0.367056
45.0 0.364696
47.5 0.362864
50.0 0.367328
52.5 0.367344
55.0 0.97956
57.5 0.977848
60.0 0.981224
62.5 0.981528
65.0 0.980168
67.5 0.943776
70.0 0.975672
72.5 0.97836
75.0 0.75392
77.5 0.972408
80.0 0.9092
82.5 0.983096
85.0 1.010392
87.5 1.016848
90.0 1.015392
92.5 0.860496
95.0 0.941264
97.5 0.904256
100.0 0.946392
102.5 0.968024
105.0 0.969536
107.5 4.745928
110.0 8.01788
112.5 7.8668
115.0 8.596816
117.5 9.058352
120.0 7.971856
122.5 8.499592
125.0 8.350424
127.5 8.612472
130.0 7.64372
132.5 8.374872
135.0 7.782176
137.5 9.00156
140.0 6.396632
142.5 6.900192
145.0 7.0784
147.5 7.105712
150.0 1.02316
152.5 1.029048
155.0 1.008944
157.5 0.813792
157.5 0.351728
160.0 0.350376
162.5 0.349968
165.0 0.34456
167.5 0.340648
170.0 4.324712
172.5 3.692472
175.0 3.574576
177.5 4.54108
180.0 4.52836
182.5 4.523424
185.0 4.575024
187.5 4.30564
190.0 4.548448
192.5 4.558696
195.0 3.754112
197.5 3.53244
200.0 1.01404
202.5 0.997488
205.0 0.329688
207.5 1.022888
210.0 1.004576
212.5 1.037504
215.0 0.88856
217.5 0.957816
220.0 1.001192
222.5 0.98008
225.0 0.981424
227.5 1.021496
230.0 0.38404
232.5 0.401144
235.0 0.391648
237.5 0.40056
240.0 0.398936
242.5 0.401088
245.0 0.387856
247.5 0.397216
250.0 0.39616
252.5 0.399368
255.0 0.374104
257.5 0.238816
260.0 0.304936
262.5 0.304712
265.0 0.3076
267.5 0.31032
270.0 0.306336
272.5 0.304456
275.0 0.306688
277.5 0.299464
280.0 0.30292
282.5 0.301864
285.0 0.878488
287.5 0.80708
290.0 0.83792
292.5 0.837336
295.0 0.915648
297.5 0.857256
300.0 0.844176
302.5 0.896224
305.0 0.889624
307.5 0.924936
310.0 0.86008
312.5 0.814944
315.0 4.598192
