0 2.115496
2.5 2.030448
5.0 2.124568
7.5 2.132624
10.0 2.138464
12.5 2.04492
15.0 2.1242
17.5 2.110792
20.0 2.171
22.5 2.135408
25.0 2.146368
27.5 1.989912
30.0 5.558624
32.5 5.143648
35.0 5.570216
37.5 5.34136
40.0 3.597456
42.5 3.288832
45.0 5.991416
47.5 6.07736
50.0 3.27448
52.5 5.110768
55.0 5.561952
57.5 4.068696
60.0 3.714784
62.5 3.676096
65.0 3.731144
67.5 3.815432
70.0 2.486048
72.5 3.766328
75.0 3.750056
77.5 3.769168
80.0 3.74412
82.5 3.683624
85.0 3.763632
87.5 3.791112
90.0 7.810264
92.5 7.123336
95.0 7.497472
97.5 7.233312
100.0 7.567408
102.5 7.388824
105.0 7.390232
107.5 7.037048
110.0 9.193832
112.5 9.524136
115.0 9.825528
117.5 7.289592
120.0 0.278904
122.5 0.280152
125.0 0.276504
127.5 0.277616
130.0 0.27604
132.5 0.274704
135.0 0.273552
137.5 0.277688
140.0 0.27064
142.5 0.279928
145.0 0.27748
147.5 0.27132
150.0 0.828272
152.5 0.567488
155.0 0.857032
157.5 0.838584
157.5 7.781864
160.0 6.795696
162.5 7.820176
165.0 8.426856
167.5 9.539464
170.0 0.902912
172.5 0.885864
175.0 0.866048
177.5 0.8696
180.0 0.862744
182.5 0.838728
185.0 0.847696
187.5 0.349424
190.0 0.35084
192.5 0.349096
195.0 0.354272
197.5 0.357152
200.0 0.347848
202.5 0.345312
205.0 0.350304
207.5 0.35028
210.0 0.345104
212.5 0.347824
215.0 0.345416
217.5 5.663544
220.0 5.73368
222.5 7.321736
225.0 6.718192
227.5 7.324
230.0 7.214208
232.5 5.323856
235.0 5.146104
237.5 6.929456
240.0 6.391248
242.5 5.461264
245.0 6.421992
247.5 5.665968
250.0 5.748632
252.5 4.051832
255.0 8.44544
257.5 8.102768
260.0 4.419192
262.5 6.236144
265.0 6.38828
267.5 4.365632
270.0 4.252168
272.5 6.729632
275.0 6.710312
277.5 5.223208
280.0 6.41516
282.5 6.73132
285.0 5.019824
287.5 5.041888
290.0 6.661128
292.5 0.862224
295.0 0.973576
297.5 0.9482
300.0 1.0092
302.5 0.880872
305.0 1.00108
307.5 0.979504
310.0 0.903136
312.5 0.778696
315.0 0.98688
