0 0.232448
2.5 0.230624
5.0 0.239256
7.5 0.232264
10.0 0.22772
12.5 0.233456
15.0 0.238464
17.5 0.22148
20.0 0.233216
22.5 0.234064
25.0 0.2172
27.5 0.232832
30.0 0.318416
32.5 0.306576
35.0 0.309104
37.5 0.321288
40.0 0.317008
42.5 0.317272
45.0 0.320008
47.5 0.31696
50.0 0.318136
52.5 0.315144
55.0 0.31772
57.5 5.840208
60.0 6.221936
62.5 6.29484
65.0 6.660752
67.5 6.625312
70.0 6.57044
72.5 4.952992
75.0 6.883992
77.5 5.13548
80.0 6.783576
82.5 5.74308
85.0 5.594872
87.5 0.991088
90.0 0.968992
92.5 1.00804
95.0 1.005744
97.5 1.003576
100.0 0.972616
102.5 0.94552
105.0 1.004232
107.5 0.994984
110.0 0.2582
112.5 0.252008
115.0 0.251656
117.5 0.254104
120.0 0.25248
122.5 0.256072
125.0 0.252336
127.5 0.249552
130.0 0.257904
132.5 0.250808
135.0 0.26056
137.5 0.248504
140.0 0.213232
142.5 0.219672
145.0 0.2152
147.5 0.224896
150.0 0.220576
152.5 0.222432
155.0 0.22104
157.5 0.218728
157.5 0.327784
160.0 0.324064
162.5 0.333536
165.0 0.333152
167.5 0.332912
170.0 0.332056
172.5 0.343608
175.0 0.351544
177.5 0.30808
180.0 0.346896
182.5 0.315264
185.0 0.345528
187.5 6.739
190.0 7.306688
192.5 7.93724
195.0 7.508984
197.5 6.453256
200.0 5.867536
202.5 7.770448
205.0 9.294048
207.5 9.26128
210.0 8.766016
212.5 7.691472
215.0 6.315928
217.5 0.244352
220.0 0.251408
222.5 0.263544
225.0 0.240368
227.5 0.267168
230.0 0.26996
232.5 0.26148
235.0 0.260424
237.5 0.262232
240.0 4.7064
242.5 5.936648
245.0 5.116392
247.5 5.271976
250.0 1.095008
252.5 1.092576
255.0 1.092456
257.5 1.087
260.0 1.088776
262.5 1.086592
265.0 1.015016
267.5 0.969656
270.0 1.059048
272.5 1.003352
275.0 1.024784
277.5 1.03548
280.0 0.97416
282.5 0.997576
285.0 1.005848
287.5 0.92172
290.0 0.889568
292.5 1.004576
295.0 0.346576
297.5 0.343488
300.0 0.3496
302.5 0.348608
305.0 0.348448
307.5 0.348928
310.0 0.351528
312.5 0.344104
315.0 0.34648
