0 0.319896
2.5 0.301048
5.0 0.285328
7.5 0.282624
10.0 0.279248
12.5 0.276952
15.0 0.280272
17.5 0.277856
20.0 0.29084
22.5 0.266768
25.0 0.346848
27.5 0.984512
30.0 0.953232
32.5 0.98816
35.0 0.937672
37.5 1.013344
40.0 0.986912
42.5 0.862984
45.0 1.022928
47.5 0.966616
50.0 0.982064
52.5 0.984256
55.0 0.948512
57.5 0.942448
60.0 0.949464
62.5 0.986464
65.0 0.965648
67.5 0.997104
70.0 1.02048
72.5 1.014992
75.0 1.00928
77.5 0.98184
80.0 1.004376
82.5 0.924464
85.0 1.460288
87.5 1.48296
90.0 1.46116
92.5 1.467816
95.0 1.483904
97.5 1.481264
100.0 1.495608
102.5 1.69424
105.0 1.66384
107.5 1.474992
110.0 1.331848
112.5 1.678552
115.0 2.690216
117.5 4.008392
120.0 4.213408
122.5 4.176704
125.0 4.105992
127.5 4.140632
130.0 4.192664
132.5 4.2306
135.0 3.511736
137.5 4.216272
140.0 4.203896
142.5 0.961144
145.0 0.976856
147.5 0.996256
150.0 0.977856
152.5 0.972496
155.0 1.010568
157.5 0.97228
157.5 0.337984
160.0 0.339944
162.5 0.337184
165.0 0.342376
167.5 0.32764
170.0 0.338544
172.5 0.3396
175.0 0.336664
177.5 0.337416
180.0 0.331784
182.5 0.340784
185.0 0.330496
187.5 7.561832
190.0 7.371168
192.5 7.235576
195.0 7.550096
197.5 6.725744
200.0 7.470992
202.5 7.519912
205.0 7.69592
207.5 7.480096
210.0 7.416408
212.5 1.21688
215.0 5.004512
217.5 7.305896
220.0 7.0264
222.5 6.766584
225.0 7.292696
227.5 1.37816
230.0 1.399664
232.5 1.398744
235.0 1.321144
237.5 1.35536
240.0 1.410248
242.5 0.373272
245.0 0.367104
247.5 0.387592
250.0 0.392264
252.5 0.370336
255.0 0.368808
257.5 0.368736
260.0 0.338576
262.5 0.366904
265.0 0.219
267.5 0.238352
270.0 0.319976
272.5 0.26896
275.0 0.27744
277.5 0.271848
280.0 0.298216
282.5 0.275456
285.0 0.295064
287.5 0.280824
290.0 6.595016
292.5 8.548272
295.0 8.85804
297.5 8.65572
300.0 8.74772
302.5 7.005728
305.0 8.804688
307.5 8.992448
310.0 7.991376
312.5 7.73536
315.0 8.449224
