0 6.711192
2.5 6.871712
5.0 8.02852
7.5 7.899928
10.0 0.316984
12.5 0.318504
15.0 0.319904
17.5 0.317816
20.0 0.303352
22.5 0.318856
25.0 0.312928
27.5 0.316704
30.0 0.311688
32.5 0.319952
35.0 2.62696
37.5 4.619008
40.0 4.398664
42.5 3.41608
45.0 4.411136
47.5 0.775488
50.0 0.814872
52.5 0.7792
55.0 0.788224
57.5 0.798752
60.0 4.521616
62.5 7.572056
65.0 7.652944
67.5 8.11976
70.0 8.072272
72.5 1.09228
75.0 1.080136
77.5 1.073576
80.0 1.084848
82.5 1.075968
85.0 0.966064
87.5 1.094688
90.0 5.684736
92.5 5.784072
95.0 5.296304
97.5 4.480104
100.0 8.910168
102.5 8.377
105.0 8.328592
107.5 8.9322
110.0 8.800104
112.5 8.875528
115.0 8.198488
117.5 8.766536
120.0 8.147168
122.5 8.906944
125.0 1.953464
127.5 1.987896
130.0 1.91172
132.5 1.887224
135.0 0.574168
137.5 0.686824
140.0 0.674776
142.5 0.243704
145.0 0.83112
147.5 0.88328
150.0 0.847848
152.5 0.705112
155.0 0.867576
157.5 0.820688
157.5 0.686168
160.0 0.628752
162.5 0.4024
165.0 0.795184
167.5 0.615896
170.0 0.805232
172.5 0.79356
175.0 0.992968
177.5 0.980552
180.0 1.006576
182.5 1.007064
185.0 1.040936
187.5 0.95844
190.0 0.949184
192.5 0.991008
195.0 0.950616
197.5 0.980968
200.0 0.960648
202.5 0.952816
205.0 8.476264
207.5 7.77448
210.0 7.767568
212.5 8.006688
215.0 8.4594
217.5 9.115784
220.0 8.579376
222.5 8.738904
225.0 8.387376
227.5 8.57308
230.0 8.065224
232.5 7.572352
235.0 5.260248
237.5 4.578432
240.0 5.239512
242.5 4.742568
245.0 5.25116
247.5 5.224992
250.0 5.248224
252.5 4.516424
255.0 4.309496
257.5 4.291536
260.0 4.361952
262.5 1.653976
265.0 1.560936
267.5 1.725968
270.0 1.690328
272.5 0.374184
275.0 0.378024
277.5 0.37876
280.0 0.374872
282.5 0.379024
285.0 0.38224
287.5 0.379528
290.0 0.377976
292.5 0.377672
295.0 0.374824
297.5 0.382096
300.0 0.371296
302.5 4.707232
305.0 5.743104
307.5 5.11984
310.0 5.202848
312.5 5.554656
315.0 4.86112
