0 0.291904
2.5 0.298248
5.0 0.302448
7.5 0.3744
10.0 0.36612
12.5 0.37316
15.0 0.372808
17.5 0.375352
20.0 0.368584
22.5 0.376648
25.0 0.37284
27.5 4.205176
30.0 4.607448
32.5 4.936904
35.0 4.649416
37.5 5.996832
40.0 4.40036
42.5 4.996088
45.0 5.803328
47.5 4.824664
50.0 4.767944
52.5 4.393296
55.0 5.308736
57.5 0.340992
60.0 0.334232
62.5 0.33348
65.0 0.28468
67.5 0.340528
70.0 0.332696
72.5 0.338064
75.0 0.330312
77.5 0.33488
80.0 0.33944
82.5 0.335736
85.0 0.331152
87.5 6.058432
90.0 5.85144
92.5 9.5708
95.0 9.114272
97.5 1.052744
100.0 1.04568
102.5 1.071976
105.0 1.0254
107.5 1.014384
110.0 6.503568
112.5 4.851352
115.0 7.642712
117.5 7.8874
120.0 7.6888
122.5 7.005208
125.0 9.553984
127.5 8.824912
130.0 6.368736
132.5 6.525592
135.0 7.825048
137.5 8.88204
140.0 8.566296
142.5 8.351688
145.0 9.417128
147.5 1.19012
150.0 1.209856
152.5 1.191656
155.0 1.170472
157.5 1.2136
157.5 5.785112
160.0 5.75668
162.5 5.826984
165.0 5.791984
167.5 5.846256
170.0 5.955088
172.5 5.888656
175.0 5.294624
177.5 5.82616
180.0 5.715696
182.5 4.93736
185.0 5.46436
187.5 5.439224
190.0 5.684032
192.5 5.457368
195.0 5.794864
197.5 5.281304
200.0 5.439584
202.5 5.538704
205.0 5.87892
207.5 8.701208
210.0 9.007504
212.5 8.993664
215.0 8.980832
217.5 9.025312
220.0 8.9756
222.5 8.978096
225.0 9.022768
227.5 9.048368
230.0 5.251952
232.5 6.14984
235.0 7.988096
237.5 7.712856
240.0 4.890536
242.5 4.674192
245.0 5.177792
247.5 5.857608
250.0 6.794184
252.5 6.73628
255.0 0.296048
257.5 0.302512
260.0 0.309632
262.5 0.369744
265.0 0.36892
267.5 0.359232
270.0 0.361584
272.5 0.351448
275.0 0.353552
277.5 0.364032
280.0 0.361872
282.5 0.355064
285.0 9.772264
287.5 1.16276
290.0 1.167616
292.5 1.109672
295.0 1.117336
297.5 1.13704
300.0 4.47252
302.5 2.948344
305.0 2.961888
307.5 4.488176
310.0 4.195464
312.5 2.87784
315.0 4.345248
