0 8.490448
2.5 7.24464
5.0 7.00992
7.5 7.214968
10.0 8.871784
12.5 8.83932
15.0 8.79256
17.5 8.79116
20.0 8.849968
22.5 8.811784
25.0 8.785344
27.5 1.072032
30.0 0.8948
32.5 1.106256
35.0 1.073968
37.5 1.084824
40.0 1.173496
42.5 1.008904
45.0 1.045464
47.5 1.0744
50.0 6.978064
52.5 5.12768
55.0 8.86852
57.5 7.366984
60.0 7.597752
62.5 8.000376
65.0 7.222976
67.5 6.832712
70.0 8.988368
72.5 6.490592
75.0 8.427688
77.5 5.502576
80.0 7.49516
82.5 7.887592
85.0 8.153808
87.5 7.497376
90.0 7.814688
92.5 6.907392
95.0 7.88724
97.5 6.533712
100.0 5.309312
102.5 6.672664
105.0 0.954112
107.5 0.877392
110.0 0.9558
112.5 0.940264
115.0 0.95112
117.5 0.91196
120.0 0.893048
122.5 0.929864
125.0 0.886072
127.5 0.930408
130.0 0.935952
132.5 0.921704
135.0 0.876336
137.5 0.879768
140.0 0.948912
142.5 0.903208
145.0 0.356488
147.5 0.941472
150.0 0.906712
152.5 0.774344
155.0 0.76572
157.5 0.894896
157.5 0.932328
160.0 0.955416
162.5 0.9516
165.0 0.951312
167.5 0.950088
170.0 0.919992
172.5 0.929512
175.0 0.943608
177.5 0.898112
180.0 0.932696
182.5 0.912296
185.0 0.956712
187.5 0.378992
190.0 0.374792
192.5 0.371824
195.0 0.373992
197.5 0.37452
200.0 0.363176
202.5 0.373448
205.0 0.377232
207.5 0.380704
210.0 0.371248
212.5 0.368176
215.0 0.367256
217.5 0.784856
220.0 0.786848
222.5 0.695184
225.0 0.667528
227.5 0.754512
230.0 0.78444
232.5 0.798472
235.0 0.778552
237.5 0.785376
240.0 0.802776
242.5 0.637792
245.0 0.813856
247.5 0.31676
250.0 0.337464
252.5 0.336088
255.0 0.33688
257.5 0.335784
260.0 0.317872
262.5 0.331064
265.0 0.33588
267.5 0.308824
270.0 0.331008
272.5 0.308048
275.0 0.334016
277.5 4.448024
280.0 4.442624
282.5 4.371496
285.0 4.306416
287.5 0.791856
290.0 0.784704
292.5 0.765272
295.0 0.787304
297.5 0.780376
300.0 0.77628
302.5 0.73168
305.0 3.418672
307.5 3.617256
310.0 3.642176
312.5 3.618664
315.0 3.649376
