0 2.998176
2.5 5.201944
5.0 4.97828
7.5 5.664672
10.0 5.200104
12.5 0.682016
15.0 0.6476
17.5 0.651136
20.0 0.684144
22.5 0.65992
25.0 0.655136
27.5 0.67108
30.0 0.654368
32.5 1.0994
35.0 1.321984
37.5 1.0084
40.0 1.794584
42.5 1.800096
45.0 1.178992
47.5 1.205688
50.0 1.515216
52.5 1.68328
55.0 1.7492
57.5 1.698248
60.0 1.751152
62.5 0.337304
65.0 0.346808
67.5 0.347528
70.0 0.321632
72.5 0.344824
75.0 0.330616
77.5 0.358544
80.0 0.356424
82.5 0.36496
85.0 0.358288
87.5 0.3648
90.0 0.364552
92.5 0.350216
95.0 0.351272
97.5 0.307344
100.0 0.270464
102.5 0.318632
105.0 0.316352
107.5 0.315096
110.0 0.316904
112.5 0.316736
115.0 0.306496
117.5 0.318336
120.0 0.272864
122.5 0.31724
125.0 0.312896
127.5 0.210944
130.0 0.235392
132.5 0.228104
135.0 0.24
137.5 0.235096
140.0 0.22452
142.5 0.235864
145.0 3.547592
147.5 3.584488
150.0 3.529656
152.5 3.440008
155.0 3.553704
157.5 3.4632
157.5 2.728288
160.0 6.409416
162.5 7.343288
165.0 1.683672
167.5 5.683432
170.0 5.938136
172.5 1.662968
175.0 2.206192
177.5 8.335592
180.0 9.324288
182.5 7.109696
185.0 7.08244
187.5 0.331944
190.0 0.328088
192.5 0.32792
195.0 0.332112
197.5 0.33216
200.0 0.32964
202.5 0.327392
205.0 0.326416
207.5 0.3314
210.0 0.346488
212.5 0.274024
215.0 0.343928
217.5 0.97956
220.0 0.977848
222.5 0.981224
225.0 0.981528
227.5 0.980168
230.0 0.943776
232.5 0.975672
235.0 0.97836
237.5 0.75392
240.0 0.972408
242.5 0.9092
245.0 0.825464
247.5 0.808184
250.0 0.708704
252.5 0.843808
255.0 0.715488
257.5 0.81804
260.0 0.79248
262.5 0.805088
265.0 0.76304
267.5 0.788136
270.0 0.796664
272.5 8.144744
275.0 9.748616
277.5 8.13524
280.0 9.427816
282.5 5.752872
285.0 8.483968
287.5 7.938152
290.0 0.350232
292.5 0.360496
295.0 0.353736
297.5 0.36
300.0 0.360904
302.5 0.364832
305.0 0.365624
307.5 0.36856
310.0 0.363456
312.5 0.344336
315.0 0.362168
