0 2.01292
2.5 2.014616
5.0 2.00496
7.5 2.015024
10.0 2.041856
12.5 2.028248
15.0 2.02512
17.5 2.016808
20.0 2.011088
22.5 2.02768
25.0 6.889576
27.5 5.760448
30.0 5.364816
32.5 6.592952
35.0 1.327944
37.5 1.311368
40.0 1.29552
42.5 1.252688
45.0 1.318832
47.5 1.320024
50.0 1.07964
52.5 0.861888
55.0 0.206568
57.5 0.920264
60.0 0.9008
62.5 0.850096
65.0 0.903072
67.5 0.863808
70.0 0.882696
72.5 0.87028
75.0 0.622568
77.5 0.891632
80.0 0.884
82.5 5.910464
85.0 5.045336
87.5 5.386024
90.0 5.880712
92.5 5.21664
95.0 5.408808
97.5 5.87444
100.0 5.425832
102.5 5.836024
105.0 4.632864
107.5 5.775488
110.0 5.35064
112.5 2.027568
115.0 2.080528
117.5 2.102136
120.0 2.087776
122.5 2.067632
125.0 1.08572
127.5 1.076888
130.0 1.130744
132.5 1.084192
135.0 1.09216
137.5 1.126488
140.0 1.10708
142.5 0.255504
145.0 0.31228
147.5 0.38352
150.0 0.36216
152.5 0.359616
155.0 0.35384
157.5 0.364392
157.5 0.329304
160.0 0.328504
162.5 0.33244
165.0 0.33012
167.5 0.329928
170.0 0.327152
172.5 0.333552
175.0 0.328672
177.5 0.329248
180.0 0.330728
182.5 0.329376
185.0 6.813664
187.5 7.61712
190.0 6.850104
192.5 6.582
195.0 0.672936
197.5 1.175312
200.0 1.16464
202.5 0.9728
205.0 1.178512
207.5 1.142816
210.0 1.151192
212.5 0.595968
215.0 0.613184
217.5 0.605016
220.0 0.546544
222.5 0.2772
225.0 0.211224
227.5 0.583448
230.0 0.623016
232.5 1.002648
235.0 1.012064
237.5 1.068592
240.0 1.08864
242.5 1.028616
245.0 1.084128
247.5 0.85652
250.0 1.064784
252.5 1.014856
255.0 0.903152
257.5 0.994912
260.0 1.043384
262.5 7.652792
265.0 9.900112
267.5 7.727312
270.0 9.98996
272.5 8.360128
275.0 8.231208
277.5 9.756888
280.0 8.940952
282.5 9.061856
285.0 9.045168
287.5 7.748568
290.0 5.39816
292.5 1.415424
295.0 1.411968
297.5 1.5658
300.0 1.533576
302.5 1.540976
305.0 1.554168
307.5 1.529344
310.0 1.525544
312.5 1.52192
315.0 1.539584
