0 4.8068
2.5 9.489352
5.0 9.508952
7.5 9.32112
10.0 9.108584
12.5 0.387448
15.0 0.389696
17.5 0.392728
20.0 0.394672
22.5 0.39336
25.0 0.38868
27.5 0.394904
30.0 0.39144
32.5 0.387928
35.0 0.395536
37.5 0.390504
40.0 0.385128
42.5 2.982744
45.0 2.313208
47.5 2.25304
50.0 2.970576
52.5 2.640432
55.0 2.391104
57.5 2.23544
60.0 2.859632
62.5 2.276288
65.0 2.403856
67.5 2.94868
70.0 2.416816
72.5 5.797176
75.0 5.73556
77.5 5.958008
80.0 5.625064
82.5 5.817952
85.0 5.198296
87.5 6.563064
90.0 6.15776
92.5 4.681392
95.0 3.867792
97.5 5.766568
100.0 0.394208
102.5 0.396656
105.0 0.395176
107.5 0.385888
110.0 0.267136
112.5 0.283864
115.0 0.325832
117.5 0.2666
120.0 0.29708
122.5 0.264496
125.0 0.286488
127.5 0.352592
130.0 0.336752
132.5 0.282544
135.0 0.217216
137.5 0.94892
140.0 0.93412
142.5 0.941096
145.0 0.952112
147.5 0.92536
150.0 0.983288
152.5 0.981272
155.0 0.858608
157.5 0.899168
157.5 1.00744
160.0 0.894072
162.5 1.028128
165.0 1.02344
167.5 1.063064
170.0 0.908824
172.5 1.017632
175.0 1.004904
177.5 1.03172
180.0 7.098496
182.5 3.014792
185.0 4.58316
187.5 4.512912
190.0 2.880392
192.5 3.956872
195.0 3.429312
197.5 3.469032
200.0 3.867416
202.5 4.613216
205.0 4.380664
207.5 3.715048
210.0 3.866544
212.5 0.221424
215.0 0.207664
217.5 0.208624
220.0 0.229944
222.5 0.227808
225.0 0.216728
227.5 0.20336
230.0 0.217464
232.5 0.215056
235.0 0.21888
237.5 0.351552
240.0 0.358
242.5 0.350992
245.0 0.3446
247.5 0.353336
250.0 0.351768
252.5 0.345744
255.0 0.346832
257.5 0.34352
260.0 0.338072
262.5 0.335824
265.0 0.331152
267.5 0.33188
270.0 0.339424
272.5 0.33172
275.0 0.333528
277.5 0.337232
280.0 0.334456
282.5 0.316608
285.0 0.336144
287.5 0.323408
290.0 2.598504
292.5 1.246312
295.0 3.651704
297.5 1.001112
300.0 1.10412
302.5 0.82144
305.0 0.99156
307.5 0.401712
310.0 0.34248
312.5 0.341928
315.0 0.346184
