0 1.004408
2.5 1.003312
5.0 1.065016
7.5 0.99548
10.0 1.017984
12.5 0.997488
15.0 1.053176
17.5 1.013304
20.0 1.0388
22.5 1.021688
25.0 0.995904
27.5 1.0326
30.0 2.383096
32.5 2.846248
35.0 2.380856
37.5 2.653888
40.0 2.348584
42.5 2.593952
45.0 1.817704
47.5 2.091464
50.0 2.136264
52.5 2.636584
55.0 2.20596
57.5 1.26956
60.0 0.954112
62.5 0.877392
65.0 0.9558
67.5 0.940264
70.0 0.95112
72.5 0.91196
75.0 0.893048
77.5 0.929864
80.0 0.886072
82.5 0.930408
85.0 0.935952
87.5 9.320152
90.0 9.299288
92.5 9.062984
95.0 8.855944
97.5 9.185752
100.0 0.820848
102.5 0.838168
105.0 0.833048
107.5 0.819504
110.0 0.815184
112.5 0.831352
115.0 0.83804
117.5 6.98216
120.0 7.250304
122.5 7.630552
125.0 7.585496
127.5 7.449896
130.0 6.739504
132.5 6.122136
135.0 9.91476
137.5 6.021776
140.0 7.801744
142.5 9.138088
145.0 7.463696
147.5 1.034984
150.0 1.054248
152.5 1.079072
155.0 1.078088
157.5 1.096448
157.5 0.847432
160.0 0.792392
162.5 0.85548
165.0 0.808624
167.5 0.806216
170.0 0.598728
172.5 0.779424
175.0 0.816576
177.5 0.831736
180.0 0.80712
182.5 0.97464
185.0 0.9838
187.5 0.86884
190.0 1.013824
192.5 1.032752
195.0 0.959504
197.5 0.953952
200.0 0.98812
202.5 0.962512
205.0 0.960592
207.5 0.939768
210.0 0.31428
212.5 0.22388
215.0 0.370488
217.5 0.77388
220.0 1.050248
222.5 0.78496
225.0 0.302808
227.5 0.352088
230.0 0.702992
232.5 0.585144
235.0 0.376896
237.5 0.70728
240.0 1.046672
242.5 0.996096
245.0 1.049096
247.5 1.069512
250.0 1.0748
252.5 1.037168
255.0 1.03956
257.5 0.9952
260.0 0.621096
262.5 1.015304
265.0 1.025272
267.5 1.045872
270.0 0.903912
272.5 0.825552
275.0 1.053848
277.5 1.031768
280.0 1.07136
282.5 1.050328
285.0 0.986528
287.5 0.960008
290.0 1.002784
292.5 0.982032
295.0 1.004728
297.5 1.028808
300.0 0.911808
302.5 0.927
305.0 0.894784
307.5 0.894248
310.0 0.92772
312.5 0.950552
315.0 0.912536
