0 0.915376
2.5 0.884192
5.0 0.923968
7.5 0.922112
10.0 0.934216
12.5 0.918712
15.0 0.92404
17.5 0.882808
20.0 0.883784
22.5 0.864784
25.0 0.87504
27.5 0.395712
30.0 0.391784
32.5 0.400232
35.0 0.400744
37.5 0.400208
40.0 0.399976
42.5 0.396728
45.0 0.397576
47.5 0.398928
50.0 0.394544
52.5 0.398512
55.0 0.388616
57.5 1.97564
60.0 1.974272
62.5 2.116832
65.0 2.04164
67.5 2.060344
70.0 2.013376
72.5 1.68948
75.0 2.416584
77.5 2.367528
80.0 2.509112
82.5 2.439928
85.0 0.893456
87.5 0.911584
90.0 0.743496
92.5 0.854512
95.0 0.882272
97.5 0.80704
100.0 0.886272
102.5 0.895696
105.0 0.86552
107.5 0.82712
110.0 0.887032
112.5 0.928616
115.0 0.869352
117.5 0.95676
120.0 0.962528
122.5 0.890032
125.0 0.882488
127.5 0.922376
130.0 0.895432
132.5 0.814592
135.0 0.934912
137.5 0.929728
140.0 0.93668
142.5 0.352728
145.0 0.351368
147.5 0.322008
150.0 0.351696
152.5 0.355208
155.0 0.341808
157.5 0.354056
157.5 0.390032
160.0 0.394096
162.5 0.395
165.0 0.395144
167.5 0.40404
170.0 0.401016
172.5 0.401248
175.0 0.387168
177.5 0.389112
180.0 0.402336
182.5 0.383744
185.0 8.286496
187.5 7.405624
190.0 9.017616
192.5 7.958288
195.0 8.294664
197.5 0.847048
200.0 0.83528
202.5 0.837032
205.0 0.803848
207.5 0.838184
210.0 0.84456
212.5 0.84296
215.0 0.361416
217.5 0.342688
220.0 0.361688
222.5 0.353768
225.0 0.357424
227.5 0.354504
230.0 0.33416
232.5 0.351112
235.0 0.36504
237.5 0.35604
240.0 0.357744
242.5 0.306616
245.0 5.013864
247.5 5.468592
250.0 6.658376
252.5 5.32944
255.0 6.256232
257.5 5.66912
260.0 6.12976
262.5 5.944296
265.0 5.913672
267.5 6.239224
270.0 6.510936
272.5 5.419584
275.0 5.530096
277.5 5.390944
280.0 5.477488
282.5 5.50204
285.0 5.441896
287.5 5.520016
290.0 1.144664
292.5 1.13824
295.0 1.14116
297.5 1.145032
300.0 1.142608
302.5 0.595152
305.0 0.585712
307.5 0.573992
310.0 0.580184
312.5 0.589376
315.0 0.58828
