0 0.958616
2.5 0.957728
5.0 0.893696
7.5 0.900928
10.0 0.895608
12.5 0.956328
15.0 0.939312
17.5 0.866144
20.0 0.697824
22.5 0.96048
25.0 0.382224
27.5 0.372408
30.0 0.378768
32.5 0.388672
35.0 0.388648
37.5 0.377104
40.0 0.388808
42.5 0.3876
45.0 0.379688
47.5 0.384472
50.0 0.38368
52.5 0.40784
55.0 0.403776
57.5 0.403856
60.0 0.403776
62.5 0.399928
65.0 0.407152
67.5 0.396952
70.0 0.40116
72.5 0.396672
75.0 0.399496
77.5 0.39708
80.0 0.401728
82.5 5.845864
85.0 7.817928
87.5 6.254
90.0 5.921456
92.5 4.540608
95.0 5.514264
97.5 5.677768
100.0 5.932464
102.5 6.347696
105.0 6.343832
107.5 5.925136
110.0 6.214752
112.5 9.112488
115.0 6.58092
117.5 7.13988
120.0 6.985368
122.5 7.049816
125.0 5.572664
127.5 8.4216
130.0 7.796712
132.5 9.0416
135.0 8.453032
137.5 8.494032
140.0 8.554784
142.5 1.024544
145.0 1.05384
147.5 1.056656
150.0 1.02284
152.5 1.050088
155.0 1.074112
157.5 0.98428
157.5 4.44668
160.0 3.943912
162.5 4.00228
165.0 4.034928
167.5 4.367
170.0 3.934704
172.5 4.399656
175.0 4.376072
177.5 4.08224
180.0 4.0202
182.5 4.02492
185.0 3.957752
187.5 8.402864
190.0 9.17352
192.5 7.492672
195.0 8.164168
197.5 8.898936
200.0 0.876272
202.5 0.85044
205.0 0.851536
207.5 0.859544
210.0 0.874616
212.5 0.860472
215.0 0.805008
217.5 4.234736
220.0 4.865136
222.5 5.647848
225.0 2.32628
227.5 3.990952
230.0 5.918792
232.5 3.564776
235.0 4.636456
237.5 0.5632
240.0 0.512088
242.5 0.592368
245.0 0.563416
247.5 0.57316
250.0 0.482912
252.5 0.580416
255.0 0.581128
257.5 0.562272
260.0 0.516464
262.5 0.457424
265.0 0.57288
267.5 4.435616
270.0 4.20028
272.5 3.489632
275.0 0.895464
277.5 0.885392
280.0 0.90416
282.5 0.812408
285.0 0.225024
287.5 0.414568
290.0 0.637376
292.5 0.537888
295.0 0.614544
297.5 0.403368
300.0 0.26992
302.5 0.64388
305.0 0.525496
307.5 0.622384
310.0 0.637432
312.5 0.555976
315.0 0.337896
