0 9.108352
2.5 9.01812
5.0 6.967528
7.5 8.480688
10.0 9.427248
12.5 7.1802
15.0 8.763776
17.5 8.779264
20.0 8.91116
22.5 7.546672
25.0 8.765536
27.5 8.626616
30.0 0.947872
32.5 0.964832
35.0 0.9626
37.5 0.972288
40.0 0.954512
42.5 0.93288
45.0 0.966136
47.5 0.940624
50.0 0.732616
52.5 1.221896
55.0 1.475256
57.5 1.533744
60.0 1.540312
62.5 1.497816
65.0 1.516896
67.5 1.505328
70.0 1.476376
72.5 1.492712
75.0 1.521584
77.5 1.421144
80.0 0.930752
82.5 0.956488
85.0 6.194864
87.5 6.160752
90.0 6.232496
92.5 1.29112
95.0 1.288104
97.5 1.26132
100.0 1.29352
102.5 1.291536
105.0 0.869216
107.5 0.35724
110.0 0.360312
112.5 0.360408
115.0 0.363904
117.5 0.363472
120.0 0.359936
122.5 0.351456
125.0 0.352408
127.5 0.36188
130.0 0.35884
132.5 0.891408
135.0 0.871384
137.5 0.910448
140.0 0.931648
142.5 0.885984
145.0 0.748064
147.5 0.866704
150.0 0.895688
152.5 0.888944
155.0 0.864784
157.5 0.85164
157.5 5.8384
160.0 6.619416
162.5 6.248216
165.0 6.867152
167.5 6.304232
170.0 1.04952
172.5 1.099432
175.0 1.149808
177.5 1.13708
180.0 1.053464
182.5 1.068688
185.0 0.9592
187.5 0.93336
190.0 0.965448
192.5 0.768168
195.0 0.942792
197.5 0.84912
200.0 0.963168
202.5 0.847248
205.0 0.867528
207.5 0.753912
210.0 0.95628
212.5 9.450704
215.0 9.236584
217.5 9.89336
220.0 1.006296
222.5 0.996392
225.0 1.032328
227.5 1.011128
230.0 1.030096
232.5 0.754832
235.0 0.791944
237.5 3.547592
240.0 3.584488
242.5 3.529656
245.0 3.440008
247.5 3.553704
250.0 3.4632
252.5 3.439832
255.0 3.74452
257.5 3.677456
260.0 3.758256
262.5 3.47188
265.0 3.409992
267.5 6.184112
270.0 6.448304
272.5 4.309088
275.0 6.547736
277.5 1.170808
280.0 1.163008
282.5 1.12992
285.0 1.093136
287.5 1.145152
290.0 0.554912
292.5 0.813672
295.0 0.314968
297.5 0.319632
300.0 0.319904
302.5 0.333744
305.0 0.3354
307.5 0.375432
310.0 0.329888
312.5 0.3652
315.0 0.352888
