0 0.870312
2.5 0.757376
5.0 0.892656
7.5 0.93352
10.0 1.02856
12.5 0.996896
15.0 1.009752
17.5 1.007408
20.0 0.994376
22.5 0.862968
25.0 0.98164
27.5 0.929264
30.0 0.9596
32.5 0.961408
35.0 0.919424
37.5 0.976384
40.0 0.976608
42.5 0.957224
45.0 0.96616
47.5 0.911296
50.0 0.952696
52.5 0.847896
55.0 0.785688
57.5 0.946832
60.0 6.285968
62.5 6.748976
65.0 6.899976
67.5 5.668888
70.0 6.260104
72.5 4.788816
75.0 7.044768
77.5 3.937024
80.0 6.534504
82.5 3.676032
85.0 6.01248
87.5 7.88488
90.0 9.626144
92.5 7.074552
95.0 1.031432
97.5 1.001392
100.0 0.991136
102.5 0.957752
105.0 0.98408
107.5 1.021496
110.0 1.02104
112.5 3.014888
115.0 2.157456
117.5 2.360592
120.0 2.066472
122.5 2.191928
125.0 2.117576
127.5 2.854568
130.0 1.917032
132.5 2.481704
135.0 2.378104
137.5 2.248248
140.0 2.96528
142.5 8.490448
145.0 7.24464
147.5 7.00992
150.0 7.214968
152.5 8.871784
155.0 8.83932
157.5 8.79256
157.5 2.768496
160.0 3.218352
162.5 5.39628
165.0 3.976792
167.5 4.389832
170.0 1.459328
172.5 1.463752
175.0 1.047928
177.5 1.456568
180.0 0.975768
182.5 1.453864
185.0 1.269584
187.5 3.686016
190.0 3.705056
192.5 3.625928
195.0 3.730568
197.5 3.680456
200.0 3.672352
202.5 3.606744
205.0 4.074632
207.5 3.932488
210.0 2.053928
212.5 3.707792
215.0 3.697528
217.5 0.30312
220.0 0.268928
222.5 0.2824
225.0 0.312064
227.5 0.30756
230.0 0.3042
232.5 0.28384
235.0 0.210576
237.5 0.30572
240.0 0.294648
242.5 0.314632
245.0 0.208032
247.5 0.783816
250.0 0.693256
252.5 0.704848
255.0 0.214888
257.5 0.859504
260.0 0.866624
262.5 0.548584
265.0 0.765128
267.5 0.24972
270.0 0.766136
272.5 0.74624
275.0 0.449712
277.5 0.497536
280.0 0.593704
282.5 0.540448
285.0 0.563168
287.5 0.665984
290.0 0.6052
292.5 0.435576
295.0 0.543368
297.5 0.5562
300.0 0.634728
302.5 0.661032
305.0 0.251816
307.5 0.23492
310.0 0.250272
312.5 0.260112
315.0 0.250328
