0 3.21128
2.5 5.67584
5.0 4.456528
7.5 3.913248
10.0 5.550264
12.5 4.391912
15.0 4.370896
17.5 4.919064
20.0 3.942584
22.5 3.617264
25.0 4.410872
27.5 7.251376
30.0 7.164224
32.5 7.144784
35.0 7.2782
37.5 1.5242
40.0 7.266104
42.5 7.588144
45.0 6.55568
47.5 7.237672
50.0 7.134216
52.5 7.102296
55.0 0.361984
57.5 0.363792
60.0 0.342176
62.5 0.364824
65.0 0.36536
67.5 0.366528
70.0 0.363752
72.5 0.357408
75.0 0.363256
77.5 0.354552
80.0 0.358104
82.5 0.357872
85.0 2.652144
87.5 2.468824
90.0 2.908176
92.5 3.013808
95.0 2.554808
97.5 1.001704
100.0 0.983768
102.5 0.973504
105.0 0.992296
107.5 0.986896
110.0 0.985112
112.5 0.985248
115.0 6.179664
117.5 6.240368
120.0 6.770384
122.5 6.330088
125.0 6.212552
127.5 6.741728
130.0 6.200144
132.5 6.793616
135.0 6.446968
137.5 6.539
140.0 6.602888
142.5 6.79184
145.0 0.341752
147.5 0.358288
150.0 0.2894
152.5 0.354024
155.0 0.28408
157.5 0.358008
157.5 0.36408
160.0 0.363608
162.5 0.359336
165.0 0.365368
167.5 0.363312
170.0 0.369936
172.5 0.363416
175.0 0.361744
177.5 0.368024
180.0 0.37224
182.5 0.366448
185.0 0.367984
187.5 1.513136
190.0 2.176528
192.5 1.285952
195.0 1.826832
197.5 1.599824
200.0 0.884288
202.5 0.891808
205.0 0.316288
207.5 0.439128
210.0 0.561856
212.5 0.855504
215.0 0.680376
217.5 7.694552
220.0 7.26128
222.5 8.70236
225.0 8.27784
227.5 9.953112
230.0 7.73708
232.5 8.389176
235.0 0.40784
237.5 0.403776
240.0 0.403856
242.5 0.403776
245.0 0.399928
247.5 0.407152
250.0 0.396952
252.5 0.40116
255.0 0.396672
257.5 0.399496
260.0 0.39708
262.5 0.401728
265.0 0.388672
267.5 0.408176
270.0 0.396744
272.5 0.40876
275.0 0.409912
277.5 0.410296
280.0 0.383696
282.5 0.40416
285.0 0.405
287.5 0.398808
290.0 0.403464
292.5 5.07684
295.0 6.716448
297.5 6.965504
300.0 6.905704
302.5 6.618736
305.0 1.278952
307.5 1.309864
310.0 1.282256
312.5 1.236032
315.0 1.229152
